Listing '.'...
Listing './bin'...
Listing './include'...
Listing './lib'...
Listing './lib/python3.5'...
Listing './lib/python3.5/site-packages'...
Listing './lib/python3.5/site-packages/pip'...
Listing './lib/python3.5/site-packages/pip/_vendor'...
Listing './lib/python3.5/site-packages/pip/commands'...
Listing './lib/python3.5/site-packages/pip/compat'...
Listing './lib/python3.5/site-packages/pip/models'...
Listing './lib/python3.5/site-packages/pip/operations'...
Listing './lib/python3.5/site-packages/pip/req'...
Listing './lib/python3.5/site-packages/pip/utils'...
Listing './lib/python3.5/site-packages/pip/vcs'...
Listing './lib/python3.5/site-packages/pip-9.0.1.dist-info'...
Listing './lib/python3.5/site-packages/pkg_resources'...
Listing './lib/python3.5/site-packages/pkg_resources/_vendor'...
Listing './lib/python3.5/site-packages/pkg_resources/_vendor/packaging'...
Listing './lib/python3.5/site-packages/pkg_resources/extern'...
Listing './lib/python3.5/site-packages/pkg_resources-0.0.0.dist-info'...
Listing './lib/python3.5/site-packages/pyFileFixity'...
Compiling './lib/python3.5/site-packages/pyFileFixity/easy_profiler.py'...
***   File "./lib/python3.5/site-packages/pyFileFixity/easy_profiler.py", line 120
    print 'Error: the memory_profiler did not work! Please check that your are correctly calling mprof(func)(arguments)'
                                                                                                                       ^
SyntaxError: invalid syntax

Compiling './lib/python3.5/site-packages/pyFileFixity/header_ecc.py'...
***   File "./lib/python3.5/site-packages/pyFileFixity/header_ecc.py", line 116
    except Exception, e:
                    ^
SyntaxError: invalid syntax

Listing './lib/python3.5/site-packages/pyFileFixity/lib'...
Listing './lib/python3.5/site-packages/pyFileFixity/lib/brownanrs'...
Compiling './lib/python3.5/site-packages/pyFileFixity/lib/brownanrs/rstest.py'...
***   File "./lib/python3.5/site-packages/pyFileFixity/lib/brownanrs/rstest.py", line 352
    print "it ", it
              ^
SyntaxError: Missing parentheses in call to 'print'

Listing './lib/python3.5/site-packages/pyFileFixity/lib/brownanrs/tests'...
Listing './lib/python3.5/site-packages/pyFileFixity/lib/distance'...
Listing './lib/python3.5/site-packages/pyFileFixity/lib/distance/distance'...
Listing './lib/python3.5/site-packages/pyFileFixity/lib/distance/tests'...
Listing './lib/python3.5/site-packages/pyFileFixity/lib/gooey'...
Listing './lib/python3.5/site-packages/pyFileFixity/lib/gooey/dev_utils'...
Compiling './lib/python3.5/site-packages/pyFileFixity/lib/gooey/dev_utils/ast_inspector.py'...
***   File "./lib/python3.5/site-packages/pyFileFixity/lib/gooey/dev_utils/ast_inspector.py", line 17
    print '-' * indent, k, ": "
            ^
SyntaxError: Missing parentheses in call to 'print'

Listing './lib/python3.5/site-packages/pyFileFixity/lib/gooey/gui'...
Compiling './lib/python3.5/site-packages/pyFileFixity/lib/gooey/gui/action_sorter.py'...
***   File "./lib/python3.5/site-packages/pyFileFixity/lib/gooey/gui/action_sorter.py", line 73
    print _type, i
              ^
SyntaxError: Missing parentheses in call to 'print'

Compiling './lib/python3.5/site-packages/pyFileFixity/lib/gooey/gui/application.py'...
***   File "./lib/python3.5/site-packages/pyFileFixity/lib/gooey/gui/application.py", line 54
    print 'Writing config file to: {}'.format(outfile)
                                     ^
SyntaxError: invalid syntax

Listing './lib/python3.5/site-packages/pyFileFixity/lib/gooey/gui/lang'...
Listing './lib/python3.5/site-packages/pyFileFixity/lib/gooey/gui/util'...
Listing './lib/python3.5/site-packages/pyFileFixity/lib/gooey/gui/widgets'...
Listing './lib/python3.5/site-packages/pyFileFixity/lib/gooey/gui/windows'...
Listing './lib/python3.5/site-packages/pyFileFixity/lib/gooey/images'...
Listing './lib/python3.5/site-packages/pyFileFixity/lib/gooey/languages'...
Listing './lib/python3.5/site-packages/pyFileFixity/lib/gooey/python_bindings'...
Compiling './lib/python3.5/site-packages/pyFileFixity/lib/gooey/python_bindings/docopt_to_json.py'...
***   File "./lib/python3.5/site-packages/pyFileFixity/lib/gooey/python_bindings/docopt_to_json.py", line 75
    print a
          ^
SyntaxError: Missing parentheses in call to 'print'

Listing './lib/python3.5/site-packages/pyFileFixity/lib/gooey/tests'...
Compiling './lib/python3.5/site-packages/pyFileFixity/lib/gooey/tests/argparse_to_json_unittest.py'...
***   File "./lib/python3.5/site-packages/pyFileFixity/lib/gooey/tests/argparse_to_json_unittest.py", line 111
    print action.dest.startswith('req')
               ^
SyntaxError: invalid syntax

Listing './lib/python3.5/site-packages/pyFileFixity/lib/gooey/tests/gui'...
Listing './lib/python3.5/site-packages/pyFileFixity/lib/gooey/tests/gui/widgets'...
Compiling './lib/python3.5/site-packages/pyFileFixity/lib/md5py.py'...
***   File "./lib/python3.5/site-packages/pyFileFixity/lib/md5py.py", line 58
    s = pack('<I', n & 0xffffffffL) + s
                                 ^
SyntaxError: invalid syntax

Listing './lib/python3.5/site-packages/pyFileFixity/lib/profilers'...
Listing './lib/python3.5/site-packages/pyFileFixity/lib/profilers/memory_profiler'...
Listing './lib/python3.5/site-packages/pyFileFixity/lib/profilers/pprofile'...
Compiling './lib/python3.5/site-packages/pyFileFixity/lib/profilers/pprofile/pprofile.py'...
***   File "./lib/python3.5/site-packages/pyFileFixity/lib/profilers/pprofile/pprofile.py", line 391
    exec cmd in globals, locals
           ^
SyntaxError: Missing parentheses in call to 'exec'

Listing './lib/python3.5/site-packages/pyFileFixity/lib/profilers/pyinstrument'...
Listing './lib/python3.5/site-packages/pyFileFixity/lib/profilers/visual'...
Compiling './lib/python3.5/site-packages/pyFileFixity/lib/profilers/visual/debug.py'...
***   File "./lib/python3.5/site-packages/pyFileFixity/lib/profilers/visual/debug.py", line 41
    print 'Showing profile (windows should open in the background)'; sys.stdout.flush();
                                                                  ^
SyntaxError: invalid syntax

Compiling './lib/python3.5/site-packages/pyFileFixity/lib/profilers/visual/profilebrowser.py'...
***   File "./lib/python3.5/site-packages/pyFileFixity/lib/profilers/visual/profilebrowser.py", line 87
    except IOError, args:
                  ^
SyntaxError: invalid syntax

Listing './lib/python3.5/site-packages/pyFileFixity/lib/profilers/visual/pympler'...
Listing './lib/python3.5/site-packages/pyFileFixity/lib/profilers/visual/pympler/util'...
Compiling './lib/python3.5/site-packages/pyFileFixity/lib/profilers/visual/pympler/util/bottle2.py'...
***   File "./lib/python3.5/site-packages/pyFileFixity/lib/profilers/visual/pympler/util/bottle2.py", line 303
    except (AssertionError, IndexError), e: # AssertionError: Too many groups
                                       ^
SyntaxError: invalid syntax

Listing './lib/python3.5/site-packages/pyFileFixity/lib/profilers/visual/runsnakerun'...
Compiling './lib/python3.5/site-packages/pyFileFixity/lib/profilers/visual/runsnakerun/homedirectory.py'...
***   File "./lib/python3.5/site-packages/pyFileFixity/lib/profilers/visual/runsnakerun/homedirectory.py", line 69
    print 'AppData', appdatadirectory()
                  ^
SyntaxError: invalid syntax

Compiling './lib/python3.5/site-packages/pyFileFixity/lib/profilers/visual/runsnakerun/listviews.py'...
***   File "./lib/python3.5/site-packages/pyFileFixity/lib/profilers/visual/runsnakerun/listviews.py", line 121
    except IndexError, err:
                     ^
SyntaxError: invalid syntax

Compiling './lib/python3.5/site-packages/pyFileFixity/lib/profilers/visual/runsnakerun/meliaeadapter.py'...
***   File "./lib/python3.5/site-packages/pyFileFixity/lib/profilers/visual/runsnakerun/meliaeadapter.py", line 56
    except KeyError, err:
                   ^
SyntaxError: invalid syntax

Compiling './lib/python3.5/site-packages/pyFileFixity/lib/profilers/visual/runsnakerun/meliaeloader.py'...
***   File "./lib/python3.5/site-packages/pyFileFixity/lib/profilers/visual/runsnakerun/meliaeloader.py", line 20
    except ImportError, err:
                      ^
SyntaxError: invalid syntax

Compiling './lib/python3.5/site-packages/pyFileFixity/lib/profilers/visual/runsnakerun/pstatsloader.py'...
***   File "./lib/python3.5/site-packages/pyFileFixity/lib/profilers/visual/runsnakerun/pstatsloader.py", line 50
    except ValueError, err:
                     ^
SyntaxError: invalid syntax

Compiling './lib/python3.5/site-packages/pyFileFixity/lib/profilers/visual/runsnakerun/runsnake.py'...
***   File "./lib/python3.5/site-packages/pyFileFixity/lib/profilers/visual/runsnakerun/runsnake.py", line 13
    except ImportError, err:
                      ^
SyntaxError: invalid syntax

Listing './lib/python3.5/site-packages/pyFileFixity/lib/profilers/visual/runsnakerun/squaremap'...
Compiling './lib/python3.5/site-packages/pyFileFixity/lib/profilers/visual/runsnakerun/squaremap/squaremap.py'...
***   File "./lib/python3.5/site-packages/pyFileFixity/lib/profilers/visual/runsnakerun/squaremap/squaremap.py", line 167
    except TypeError, err:
                    ^
SyntaxError: invalid syntax

Listing './lib/python3.5/site-packages/pyFileFixity/lib/reedsolomon'...
Compiling './lib/python3.5/site-packages/pyFileFixity/lib/reedsolomon/ReedSolomon_alt.py'...
***   File "./lib/python3.5/site-packages/pyFileFixity/lib/reedsolomon/ReedSolomon_alt.py", line 271
    print "Too many errors to correct"
                                     ^
SyntaxError: Missing parentheses in call to 'print'

Listing './lib/python3.5/site-packages/pyFileFixity/lib/reedsolomon/tests'...
Listing './lib/python3.5/site-packages/pyFileFixity/lib/sortedcontainers'...
Listing './lib/python3.5/site-packages/pyFileFixity/lib/sortedcontainers/tests'...
Listing './lib/python3.5/site-packages/pyFileFixity/lib/tqdm'...
Listing './lib/python3.5/site-packages/pyFileFixity/lib/tqdm/tests'...
Compiling './lib/python3.5/site-packages/pyFileFixity/repair_ecc.py'...
***   File "./lib/python3.5/site-packages/pyFileFixity/repair_ecc.py", line 278
    print "- Found marker by index file: type=%i content=" % (marker_type)
                                                         ^
SyntaxError: invalid syntax

Compiling './lib/python3.5/site-packages/pyFileFixity/resiliency_tester.py'...
***   File "./lib/python3.5/site-packages/pyFileFixity/resiliency_tester.py", line 309
    raise exc_type, exc_value, tb_root
                  ^
SyntaxError: invalid syntax

Compiling './lib/python3.5/site-packages/pyFileFixity/structural_adaptive_ecc.py'...
***   File "./lib/python3.5/site-packages/pyFileFixity/structural_adaptive_ecc.py", line 129
    except Exception, e:
                    ^
SyntaxError: invalid syntax

Listing './lib/python3.5/site-packages/pyFileFixity/tests'...
Listing './lib/python3.5/site-packages/pyFileFixity/tests/files'...
Listing './lib/python3.5/site-packages/pyFileFixity/tests/files/Sub2'...
Listing './lib/python3.5/site-packages/pyFileFixity/tests/files/sub'...
Listing './lib/python3.5/site-packages/pyFileFixity/tests/results'...
Compiling './lib/python3.5/site-packages/pyFileFixity/tests/test_structural_adaptive_ecc.py'...
***   File "./lib/python3.5/site-packages/pyFileFixity/tests/test_structural_adaptive_ecc.py", line 123
    assert list( saecc.stream_entry_assemble(Hasher(), tfile, eccf, entry_fields, 255, 10, [0.7, 0.5, 0.3]) ) == [{'ecc': 'sh-ecc-entry_\xfe\xff\xfe\xff\xfe\xff\xfe\xff\xfe\xfffile2.ext\xfa\xff\xfa\xff\xfafilesize2\xfa\xff\xfa\xff\xfarelfilepath2_ecc\xfa\xff\xfa\xff\xfafilesize2_ecc\xfa\xff\xfa\xff\xfahash-ecc-entry_hash-ecc-entry_hash-ecc-entry_hash-ecc-entry', 'curpos': 0L, 'rate': 0.7, 'ecc_params': {'ecc_size': 149, 'hash_size': 32, 'message_size': 106}, 'ecc_curpos': 150, 'hash': 'hash-ecc-entry_hash-ecc-entry_ha', 'message': 'Lorem ipsum\nAnd stuff and stuff and stuff\nLorem ipsum\nAnd stuff and stuff and stuff\nLorem ipsum\nAnd stuff '}]
                                                                                                                                                                                                                                                                                                                                                                                        ^
SyntaxError: invalid syntax

Listing './lib/python3.5/site-packages/pyFileFixity-2.3.1.egg-info'...
Listing './lib/python3.5/site-packages/setuptools'...
Listing './lib/python3.5/site-packages/setuptools/command'...
Listing './lib/python3.5/site-packages/setuptools/extern'...
Listing './lib/python3.5/site-packages/setuptools-32.3.1.dist-info'...
Listing './share'...
Listing './share/python-wheels'...
