Listing '.'...
Listing './bin'...
Listing './include'...
Listing './include/site'...
Listing './include/site/python3.5'...
Listing './include/site/python3.5/persistent'...
Listing './include/site/python3.5/zope.proxy'...
Listing './lib'...
Listing './lib/python3.5'...
Listing './lib/python3.5/site-packages'...
Listing './lib/python3.5/site-packages/BTrees'...
Listing './lib/python3.5/site-packages/BTrees/tests'...
Listing './lib/python3.5/site-packages/BTrees-4.4.1.dist-info'...
Listing './lib/python3.5/site-packages/ComputedAttribute'...
Listing './lib/python3.5/site-packages/ExtensionClass'...
Listing './lib/python3.5/site-packages/ExtensionClass/pickle'...
Listing './lib/python3.5/site-packages/ExtensionClass-4.3.0.dist-info'...
Listing './lib/python3.5/site-packages/MethodObject'...
Listing './lib/python3.5/site-packages/RestrictedPython'...
Compiling './lib/python3.5/site-packages/RestrictedPython/Eval.py'...
***   File "./lib/python3.5/site-packages/RestrictedPython/Eval.py", line 63
    print 'prepRestrictedCode: %d ms for %s' % (
                                           ^
SyntaxError: invalid syntax

Compiling './lib/python3.5/site-packages/RestrictedPython/Guards.py'...
***   File "./lib/python3.5/site-packages/RestrictedPython/Guards.py", line 101
    raise TypeError, error_msg
                   ^
SyntaxError: invalid syntax

Compiling './lib/python3.5/site-packages/RestrictedPython/Limits.py'...
***   File "./lib/python3.5/site-packages/RestrictedPython/Limits.py", line 28
    raise AttributeError, 'range() requires 1-3 int arguments'
                        ^
SyntaxError: invalid syntax

Compiling './lib/python3.5/site-packages/RestrictedPython/RCompile.py'...
***   File "./lib/python3.5/site-packages/RestrictedPython/RCompile.py", line 61
    raise SyntaxError, self.rm.errors[0]
                     ^
SyntaxError: invalid syntax

Listing './lib/python3.5/site-packages/RestrictedPython/tests'...
Compiling './lib/python3.5/site-packages/RestrictedPython/tests/before_and_after.py'...
***   File "./lib/python3.5/site-packages/RestrictedPython/tests/before_and_after.py", line 80
    print "foo"
              ^
SyntaxError: Missing parentheses in call to 'print'

Compiling './lib/python3.5/site-packages/RestrictedPython/tests/class.py'...
***   File "./lib/python3.5/site-packages/RestrictedPython/tests/class.py", line 13
    raise AssertionError, "expected 13, got %d" % x.get()
                        ^
SyntaxError: invalid syntax

Compiling './lib/python3.5/site-packages/RestrictedPython/tests/restricted_module.py'...
***   File "./lib/python3.5/site-packages/RestrictedPython/tests/restricted_module.py", line 4
    print 'Hello, world!',
                        ^
SyntaxError: Missing parentheses in call to 'print'

Compiling './lib/python3.5/site-packages/RestrictedPython/tests/security_in_syntax.py'...
***   File "./lib/python3.5/site-packages/RestrictedPython/tests/security_in_syntax.py", line 32
    exec 'q = 1'
               ^
SyntaxError: Missing parentheses in call to 'exec'

Compiling './lib/python3.5/site-packages/RestrictedPython/tests/testRestrictions.py'...
***   File "./lib/python3.5/site-packages/RestrictedPython/tests/testRestrictions.py", line 79
    exec code in rmodule
            ^
SyntaxError: Missing parentheses in call to 'exec'

Compiling './lib/python3.5/site-packages/RestrictedPython/tests/unpack.py'...
***   File "./lib/python3.5/site-packages/RestrictedPython/tests/unpack.py", line 23
    raise AssertionError, "expected 'unpack list of wrong size'"
                        ^
SyntaxError: invalid syntax

Compiling './lib/python3.5/site-packages/RestrictedPython/tests/verify.py'...
***   File "./lib/python3.5/site-packages/RestrictedPython/tests/verify.py", line 86
    print i, op.opname, op.arg
          ^
SyntaxError: Missing parentheses in call to 'print'

Listing './lib/python3.5/site-packages/RestrictedPython-3.6.0.egg-info'...
Listing './lib/python3.5/site-packages/ZConfig'...
Listing './lib/python3.5/site-packages/ZConfig/components'...
Listing './lib/python3.5/site-packages/ZConfig/components/basic'...
Listing './lib/python3.5/site-packages/ZConfig/components/basic/tests'...
Listing './lib/python3.5/site-packages/ZConfig/components/logger'...
Listing './lib/python3.5/site-packages/ZConfig/components/logger/tests'...
Listing './lib/python3.5/site-packages/ZConfig/tests'...
Listing './lib/python3.5/site-packages/ZConfig/tests/input'...
Listing './lib/python3.5/site-packages/ZConfig/tests/library'...
Listing './lib/python3.5/site-packages/ZConfig/tests/library/thing'...
Listing './lib/python3.5/site-packages/ZConfig/tests/library/thing/extras'...
Listing './lib/python3.5/site-packages/ZConfig/tests/library/widget'...
Listing './lib/python3.5/site-packages/ZConfig/tests/zipsource'...
Listing './lib/python3.5/site-packages/ZConfig/tests/zipsource/foo'...
Listing './lib/python3.5/site-packages/ZConfig/tests/zipsource/foo/sample'...
Listing './lib/python3.5/site-packages/ZConfig-3.2.0.dist-info'...
Listing './lib/python3.5/site-packages/ZEO'...
Listing './lib/python3.5/site-packages/ZEO/asyncio'...
Listing './lib/python3.5/site-packages/ZEO/scripts'...
Listing './lib/python3.5/site-packages/ZEO/tests'...
Listing './lib/python3.5/site-packages/ZEO/tests/ZEO4'...
Listing './lib/python3.5/site-packages/ZEO/tests/ZEO4/auth'...
Listing './lib/python3.5/site-packages/ZEO/tests/ZEO4/zrpc'...
Listing './lib/python3.5/site-packages/ZEO-5.1.1.egg-info'...
Listing './lib/python3.5/site-packages/ZODB'...
Listing './lib/python3.5/site-packages/ZODB/FileStorage'...
Listing './lib/python3.5/site-packages/ZODB/scripts'...
Listing './lib/python3.5/site-packages/ZODB/scripts/manual_tests'...
Listing './lib/python3.5/site-packages/ZODB/scripts/tests'...
Listing './lib/python3.5/site-packages/ZODB/tests'...
Listing './lib/python3.5/site-packages/ZODB-5.3.0.egg-info'...
Listing './lib/python3.5/site-packages/ZODB3-3.11.0.egg-info'...
Listing './lib/python3.5/site-packages/certifi'...
Listing './lib/python3.5/site-packages/certifi-2017.11.5.dist-info'...
Listing './lib/python3.5/site-packages/chardet'...
Listing './lib/python3.5/site-packages/chardet/cli'...
Listing './lib/python3.5/site-packages/chardet-3.0.4.dist-info'...
Listing './lib/python3.5/site-packages/idna'...
Listing './lib/python3.5/site-packages/idna-2.6.dist-info'...
Listing './lib/python3.5/site-packages/persistent'...
Listing './lib/python3.5/site-packages/persistent/tests'...
Listing './lib/python3.5/site-packages/persistent-4.2.4.2.dist-info'...
Listing './lib/python3.5/site-packages/pip'...
Listing './lib/python3.5/site-packages/pip/_vendor'...
Listing './lib/python3.5/site-packages/pip/commands'...
Listing './lib/python3.5/site-packages/pip/compat'...
Listing './lib/python3.5/site-packages/pip/models'...
Listing './lib/python3.5/site-packages/pip/operations'...
Listing './lib/python3.5/site-packages/pip/req'...
Listing './lib/python3.5/site-packages/pip/utils'...
Listing './lib/python3.5/site-packages/pip/vcs'...
Listing './lib/python3.5/site-packages/pip-9.0.1.dist-info'...
Listing './lib/python3.5/site-packages/pkg_resources'...
Listing './lib/python3.5/site-packages/pkg_resources/_vendor'...
Listing './lib/python3.5/site-packages/pkg_resources/_vendor/packaging'...
Listing './lib/python3.5/site-packages/pkg_resources/extern'...
Listing './lib/python3.5/site-packages/pkg_resources-0.0.0.dist-info'...
Listing './lib/python3.5/site-packages/python_gettext-3.0.egg-info'...
Listing './lib/python3.5/site-packages/pythongettext'...
Listing './lib/python3.5/site-packages/pythongettext/tests'...
Listing './lib/python3.5/site-packages/pytz'...
Listing './lib/python3.5/site-packages/pytz/zoneinfo'...
Listing './lib/python3.5/site-packages/pytz/zoneinfo/Africa'...
Listing './lib/python3.5/site-packages/pytz/zoneinfo/America'...
Listing './lib/python3.5/site-packages/pytz/zoneinfo/America/Argentina'...
Listing './lib/python3.5/site-packages/pytz/zoneinfo/America/Indiana'...
Listing './lib/python3.5/site-packages/pytz/zoneinfo/America/Kentucky'...
Listing './lib/python3.5/site-packages/pytz/zoneinfo/America/North_Dakota'...
Listing './lib/python3.5/site-packages/pytz/zoneinfo/Antarctica'...
Listing './lib/python3.5/site-packages/pytz/zoneinfo/Arctic'...
Listing './lib/python3.5/site-packages/pytz/zoneinfo/Asia'...
Listing './lib/python3.5/site-packages/pytz/zoneinfo/Atlantic'...
Listing './lib/python3.5/site-packages/pytz/zoneinfo/Australia'...
Listing './lib/python3.5/site-packages/pytz/zoneinfo/Brazil'...
Listing './lib/python3.5/site-packages/pytz/zoneinfo/Canada'...
Listing './lib/python3.5/site-packages/pytz/zoneinfo/Chile'...
Listing './lib/python3.5/site-packages/pytz/zoneinfo/Etc'...
Listing './lib/python3.5/site-packages/pytz/zoneinfo/Europe'...
Listing './lib/python3.5/site-packages/pytz/zoneinfo/Indian'...
Listing './lib/python3.5/site-packages/pytz/zoneinfo/Mexico'...
Listing './lib/python3.5/site-packages/pytz/zoneinfo/Pacific'...
Listing './lib/python3.5/site-packages/pytz/zoneinfo/US'...
Listing './lib/python3.5/site-packages/pytz-2017.3.dist-info'...
Listing './lib/python3.5/site-packages/requests'...
Listing './lib/python3.5/site-packages/requests-2.18.4.dist-info'...
Listing './lib/python3.5/site-packages/setuptools'...
Listing './lib/python3.5/site-packages/setuptools/command'...
Listing './lib/python3.5/site-packages/setuptools/extern'...
Listing './lib/python3.5/site-packages/setuptools-32.3.1.dist-info'...
Listing './lib/python3.5/site-packages/six-1.11.0.dist-info'...
Listing './lib/python3.5/site-packages/transaction'...
Listing './lib/python3.5/site-packages/transaction/tests'...
Listing './lib/python3.5/site-packages/transaction-2.1.2.dist-info'...
Listing './lib/python3.5/site-packages/urllib3'...
Listing './lib/python3.5/site-packages/urllib3/contrib'...
Listing './lib/python3.5/site-packages/urllib3/contrib/_securetransport'...
Listing './lib/python3.5/site-packages/urllib3/packages'...
Listing './lib/python3.5/site-packages/urllib3/packages/backports'...
Listing './lib/python3.5/site-packages/urllib3/packages/ssl_match_hostname'...
Listing './lib/python3.5/site-packages/urllib3/util'...
Listing './lib/python3.5/site-packages/urllib3-1.22.dist-info'...
Listing './lib/python3.5/site-packages/zc'...
Listing './lib/python3.5/site-packages/zc/lockfile'...
Listing './lib/python3.5/site-packages/zc.lockfile-1.2.1.egg-info'...
Listing './lib/python3.5/site-packages/zdaemon'...
Listing './lib/python3.5/site-packages/zdaemon/tests'...
Listing './lib/python3.5/site-packages/zdaemon-4.2.0.egg-info'...
Listing './lib/python3.5/site-packages/zodbpickle'...
Compiling './lib/python3.5/site-packages/zodbpickle/pickle_2.py'...
***   File "./lib/python3.5/site-packages/zodbpickle/pickle_2.py", line 882
    except _Stop, stopinst:
                ^
SyntaxError: invalid syntax

Compiling './lib/python3.5/site-packages/zodbpickle/pickletools_2.py'...
***   File "./lib/python3.5/site-packages/zodbpickle/pickletools_2.py", line 1803
    print "skipping %r: it doesn't look like an opcode name" % name
                                                           ^
SyntaxError: Missing parentheses in call to 'print'

Listing './lib/python3.5/site-packages/zodbpickle/tests'...
Compiling './lib/python3.5/site-packages/zodbpickle/tests/pickletester_2.py'...
***   File "./lib/python3.5/site-packages/zodbpickle/tests/pickletester_2.py", line 433
    x = [0, 1L, 2.0, 3.0+0j]
             ^
SyntaxError: invalid syntax

Listing './lib/python3.5/site-packages/zodbpickle-0.7.0.egg-info'...
Listing './lib/python3.5/site-packages/zope'...
Listing './lib/python3.5/site-packages/zope/annotation'...
Listing './lib/python3.5/site-packages/zope/annotation/tests'...
Listing './lib/python3.5/site-packages/zope/browser'...
Listing './lib/python3.5/site-packages/zope/component'...
Listing './lib/python3.5/site-packages/zope/component/testfiles'...
Listing './lib/python3.5/site-packages/zope/component/tests'...
Listing './lib/python3.5/site-packages/zope/configuration'...
Listing './lib/python3.5/site-packages/zope/configuration/tests'...
Listing './lib/python3.5/site-packages/zope/configuration/tests/excludedemo'...
Listing './lib/python3.5/site-packages/zope/configuration/tests/excludedemo/sub'...
Listing './lib/python3.5/site-packages/zope/configuration/tests/samplepackage'...
Listing './lib/python3.5/site-packages/zope/container'...
Listing './lib/python3.5/site-packages/zope/container/tests'...
Listing './lib/python3.5/site-packages/zope/contenttype'...
Listing './lib/python3.5/site-packages/zope/contenttype/tests'...
Listing './lib/python3.5/site-packages/zope/deprecation'...
Listing './lib/python3.5/site-packages/zope/dottedname'...
Listing './lib/python3.5/site-packages/zope/event'...
Listing './lib/python3.5/site-packages/zope/exceptions'...
Listing './lib/python3.5/site-packages/zope/exceptions/tests'...
Listing './lib/python3.5/site-packages/zope/filerepresentation'...
Listing './lib/python3.5/site-packages/zope/i18n'...
Listing './lib/python3.5/site-packages/zope/i18n/interfaces'...
Listing './lib/python3.5/site-packages/zope/i18n/locales'...
Listing './lib/python3.5/site-packages/zope/i18n/locales/data'...
Listing './lib/python3.5/site-packages/zope/i18n/locales/tests'...
Listing './lib/python3.5/site-packages/zope/i18n/tests'...
Listing './lib/python3.5/site-packages/zope/i18n/tests/locale'...
Listing './lib/python3.5/site-packages/zope/i18n/tests/locale/de'...
Listing './lib/python3.5/site-packages/zope/i18n/tests/locale/de/LC_MESSAGES'...
Listing './lib/python3.5/site-packages/zope/i18n/tests/locale/en'...
Listing './lib/python3.5/site-packages/zope/i18n/tests/locale/en/LC_MESSAGES'...
Listing './lib/python3.5/site-packages/zope/i18n/tests/locale2'...
Listing './lib/python3.5/site-packages/zope/i18n/tests/locale2/en'...
Listing './lib/python3.5/site-packages/zope/i18n/tests/locale2/en/LC_MESSAGES'...
Listing './lib/python3.5/site-packages/zope/i18n/tests/locale3'...
Listing './lib/python3.5/site-packages/zope/i18n/tests/locale3/en'...
Listing './lib/python3.5/site-packages/zope/i18n/tests/locale3/en/LC_MESSAGES'...
Listing './lib/python3.5/site-packages/zope/i18nmessageid'...
Listing './lib/python3.5/site-packages/zope/interface'...
Listing './lib/python3.5/site-packages/zope/interface/common'...
Listing './lib/python3.5/site-packages/zope/interface/common/tests'...
Listing './lib/python3.5/site-packages/zope/interface/tests'...
Listing './lib/python3.5/site-packages/zope/lifecycleevent'...
Listing './lib/python3.5/site-packages/zope/location'...
Listing './lib/python3.5/site-packages/zope/location/tests'...
Listing './lib/python3.5/site-packages/zope/proxy'...
Listing './lib/python3.5/site-packages/zope/proxy/tests'...
Listing './lib/python3.5/site-packages/zope/publisher'...
Listing './lib/python3.5/site-packages/zope/publisher/interfaces'...
Listing './lib/python3.5/site-packages/zope/publisher/tests'...
Listing './lib/python3.5/site-packages/zope/schema'...
Listing './lib/python3.5/site-packages/zope/schema/tests'...
Listing './lib/python3.5/site-packages/zope/security'...
Listing './lib/python3.5/site-packages/zope/security/examples'...
Listing './lib/python3.5/site-packages/zope/security/tests'...
Listing './lib/python3.5/site-packages/zope/sequencesort'...
Listing './lib/python3.5/site-packages/zope/sequencesort/tests'...
Listing './lib/python3.5/site-packages/zope/site'...
Listing './lib/python3.5/site-packages/zope/site/tests'...
Listing './lib/python3.5/site-packages/zope/size'...
Listing './lib/python3.5/site-packages/zope/traversing'...
Listing './lib/python3.5/site-packages/zope/traversing/browser'...
Listing './lib/python3.5/site-packages/zope/traversing/tests'...
Listing './lib/python3.5/site-packages/zope.annotation-4.6.0.dist-info'...
Listing './lib/python3.5/site-packages/zope.browser-2.2.0.dist-info'...
Listing './lib/python3.5/site-packages/zope.component-4.4.1.dist-info'...
Listing './lib/python3.5/site-packages/zope.configuration-4.1.0.dist-info'...
Listing './lib/python3.5/site-packages/zope.container-4.2.1.egg-info'...
Listing './lib/python3.5/site-packages/zope.contenttype-4.3.0.dist-info'...
Listing './lib/python3.5/site-packages/zope.deprecation-4.3.0.dist-info'...
Listing './lib/python3.5/site-packages/zope.dottedname-4.2.dist-info'...
Listing './lib/python3.5/site-packages/zope.event-4.3.0.dist-info'...
Listing './lib/python3.5/site-packages/zope.exceptions-4.2.0.dist-info'...
Listing './lib/python3.5/site-packages/zope.filerepresentation-4.2.0.dist-info'...
Listing './lib/python3.5/site-packages/zope.i18n-4.3.1.dist-info'...
Listing './lib/python3.5/site-packages/zope.i18nmessageid-4.1.0.dist-info'...
Listing './lib/python3.5/site-packages/zope.interface-4.4.3.dist-info'...
Listing './lib/python3.5/site-packages/zope.lifecycleevent-4.2.0.dist-info'...
Listing './lib/python3.5/site-packages/zope.location-4.1.0.dist-info'...
Listing './lib/python3.5/site-packages/zope.proxy-4.3.0.egg-info'...
Listing './lib/python3.5/site-packages/zope.publisher-4.3.2.dist-info'...
Listing './lib/python3.5/site-packages/zope.schema-4.5.0.dist-info'...
Listing './lib/python3.5/site-packages/zope.security-4.2.2.egg-info'...
Listing './lib/python3.5/site-packages/zope.sequencesort-4.0.1.dist-info'...
Listing './lib/python3.5/site-packages/zope.site-4.1.0.dist-info'...
Listing './lib/python3.5/site-packages/zope.size-4.2.0.dist-info'...
Listing './lib/python3.5/site-packages/zope.traversing-4.2.0.dist-info'...
Listing './share'...
Listing './share/python-wheels'...
