Listing '.'...
Listing './bin'...
Listing './include'...
Listing './lib'...
Listing './lib/python3.5'...
Listing './lib/python3.5/site-packages'...
Listing './lib/python3.5/site-packages/nltk'...
Listing './lib/python3.5/site-packages/nltk/app'...
Listing './lib/python3.5/site-packages/nltk/ccg'...
Listing './lib/python3.5/site-packages/nltk/chat'...
Listing './lib/python3.5/site-packages/nltk/chunk'...
Listing './lib/python3.5/site-packages/nltk/classify'...
Listing './lib/python3.5/site-packages/nltk/cluster'...
Listing './lib/python3.5/site-packages/nltk/corpus'...
Listing './lib/python3.5/site-packages/nltk/corpus/reader'...
Listing './lib/python3.5/site-packages/nltk/draw'...
Listing './lib/python3.5/site-packages/nltk/inference'...
Listing './lib/python3.5/site-packages/nltk/metrics'...
Listing './lib/python3.5/site-packages/nltk/misc'...
Listing './lib/python3.5/site-packages/nltk/parse'...
Listing './lib/python3.5/site-packages/nltk/sem'...
Listing './lib/python3.5/site-packages/nltk/sentiment'...
Listing './lib/python3.5/site-packages/nltk/stem'...
Listing './lib/python3.5/site-packages/nltk/tag'...
Listing './lib/python3.5/site-packages/nltk/tbl'...
Listing './lib/python3.5/site-packages/nltk/test'...
Listing './lib/python3.5/site-packages/nltk/test/unit'...
Listing './lib/python3.5/site-packages/nltk/test/unit/translate'...
Listing './lib/python3.5/site-packages/nltk/tokenize'...
Listing './lib/python3.5/site-packages/nltk/translate'...
Listing './lib/python3.5/site-packages/nltk/twitter'...
Listing './lib/python3.5/site-packages/nltk-3.2.5.egg-info'...
Listing './lib/python3.5/site-packages/numpy'...
Listing './lib/python3.5/site-packages/numpy/.libs'...
Listing './lib/python3.5/site-packages/numpy/compat'...
Listing './lib/python3.5/site-packages/numpy/core'...
Listing './lib/python3.5/site-packages/numpy/core/include'...
Listing './lib/python3.5/site-packages/numpy/core/include/numpy'...
Listing './lib/python3.5/site-packages/numpy/core/lib'...
Listing './lib/python3.5/site-packages/numpy/core/lib/npy-pkg-config'...
Listing './lib/python3.5/site-packages/numpy/core/tests'...
Listing './lib/python3.5/site-packages/numpy/core/tests/data'...
Listing './lib/python3.5/site-packages/numpy/distutils'...
Listing './lib/python3.5/site-packages/numpy/distutils/command'...
Listing './lib/python3.5/site-packages/numpy/distutils/fcompiler'...
Listing './lib/python3.5/site-packages/numpy/distutils/mingw'...
Listing './lib/python3.5/site-packages/numpy/distutils/tests'...
Listing './lib/python3.5/site-packages/numpy/doc'...
Listing './lib/python3.5/site-packages/numpy/f2py'...
Listing './lib/python3.5/site-packages/numpy/f2py/src'...
Listing './lib/python3.5/site-packages/numpy/f2py/tests'...
Listing './lib/python3.5/site-packages/numpy/f2py/tests/src'...
Listing './lib/python3.5/site-packages/numpy/f2py/tests/src/array_from_pyobj'...
Listing './lib/python3.5/site-packages/numpy/f2py/tests/src/assumed_shape'...
Listing './lib/python3.5/site-packages/numpy/f2py/tests/src/common'...
Listing './lib/python3.5/site-packages/numpy/f2py/tests/src/kind'...
Listing './lib/python3.5/site-packages/numpy/f2py/tests/src/mixed'...
Listing './lib/python3.5/site-packages/numpy/f2py/tests/src/parameter'...
Listing './lib/python3.5/site-packages/numpy/f2py/tests/src/regression'...
Listing './lib/python3.5/site-packages/numpy/f2py/tests/src/size'...
Listing './lib/python3.5/site-packages/numpy/f2py/tests/src/string'...
Listing './lib/python3.5/site-packages/numpy/fft'...
Listing './lib/python3.5/site-packages/numpy/fft/tests'...
Listing './lib/python3.5/site-packages/numpy/lib'...
Listing './lib/python3.5/site-packages/numpy/lib/tests'...
Listing './lib/python3.5/site-packages/numpy/lib/tests/data'...
Listing './lib/python3.5/site-packages/numpy/linalg'...
Listing './lib/python3.5/site-packages/numpy/linalg/tests'...
Listing './lib/python3.5/site-packages/numpy/ma'...
Listing './lib/python3.5/site-packages/numpy/ma/tests'...
Listing './lib/python3.5/site-packages/numpy/matrixlib'...
Listing './lib/python3.5/site-packages/numpy/matrixlib/tests'...
Listing './lib/python3.5/site-packages/numpy/polynomial'...
Listing './lib/python3.5/site-packages/numpy/polynomial/tests'...
Listing './lib/python3.5/site-packages/numpy/random'...
Listing './lib/python3.5/site-packages/numpy/random/tests'...
Listing './lib/python3.5/site-packages/numpy/testing'...
Listing './lib/python3.5/site-packages/numpy/testing/nose_tools'...
Listing './lib/python3.5/site-packages/numpy/testing/tests'...
Listing './lib/python3.5/site-packages/numpy/tests'...
Listing './lib/python3.5/site-packages/numpy-1.14.0.dist-info'...
Listing './lib/python3.5/site-packages/pip'...
Listing './lib/python3.5/site-packages/pip/_vendor'...
Listing './lib/python3.5/site-packages/pip/commands'...
Listing './lib/python3.5/site-packages/pip/compat'...
Listing './lib/python3.5/site-packages/pip/models'...
Listing './lib/python3.5/site-packages/pip/operations'...
Listing './lib/python3.5/site-packages/pip/req'...
Listing './lib/python3.5/site-packages/pip/utils'...
Listing './lib/python3.5/site-packages/pip/vcs'...
Listing './lib/python3.5/site-packages/pip-9.0.1.dist-info'...
Listing './lib/python3.5/site-packages/pkg_resources'...
Listing './lib/python3.5/site-packages/pkg_resources/_vendor'...
Listing './lib/python3.5/site-packages/pkg_resources/_vendor/packaging'...
Listing './lib/python3.5/site-packages/pkg_resources/extern'...
Listing './lib/python3.5/site-packages/pkg_resources-0.0.0.dist-info'...
Listing './lib/python3.5/site-packages/prosodic'...
Compiling './lib/python3.5/site-packages/prosodic/cookbook.py'...
***   File "./lib/python3.5/site-packages/prosodic/cookbook.py", line 7
    print ">> printing all heavy syllables..."
                                             ^
SyntaxError: Missing parentheses in call to 'print'

Listing './lib/python3.5/site-packages/prosodic/corpora'...
Listing './lib/python3.5/site-packages/prosodic/corpora/corppoetry_en'...
Listing './lib/python3.5/site-packages/prosodic/corpora/corppoetry_fi'...
Listing './lib/python3.5/site-packages/prosodic/dicts'...
Listing './lib/python3.5/site-packages/prosodic/dicts/en'...
Listing './lib/python3.5/site-packages/prosodic/dicts/en/pyphen'...
Listing './lib/python3.5/site-packages/prosodic/dicts/en/pyphen/dictionaries'...
Compiling './lib/python3.5/site-packages/prosodic/dicts/en/syllabify.py'...
***   File "./lib/python3.5/site-packages/prosodic/dicts/en/syllabify.py", line 69
    raise ValueError, "File must start with a section header such as [consonants]."
                    ^
SyntaxError: invalid syntax

Listing './lib/python3.5/site-packages/prosodic/dicts/fi'...
Compiling './lib/python3.5/site-packages/prosodic/dicts/fi/finnish_annotator.py'...
***   File "./lib/python3.5/site-packages/prosodic/dicts/fi/finnish_annotator.py", line 48
    print "Error: File not found."
                                 ^
SyntaxError: Missing parentheses in call to 'print'

Compiling './lib/python3.5/site-packages/prosodic/dicts/fi/finnish_syllables.py'...
***   File "./lib/python3.5/site-packages/prosodic/dicts/fi/finnish_syllables.py", line 48
    print "Error: File not found."
                                 ^
SyntaxError: Missing parentheses in call to 'print'

Compiling './lib/python3.5/site-packages/prosodic/dicts/fi/finnish_text.py'...
***   File "./lib/python3.5/site-packages/prosodic/dicts/fi/finnish_text.py", line 25
    print "Please enter a single argument for the file to annotate"
                                                                  ^
SyntaxError: Missing parentheses in call to 'print'

Listing './lib/python3.5/site-packages/prosodic/dicts/fi/syllabifier'...
Compiling './lib/python3.5/site-packages/prosodic/dicts/fi/syllabifier/finnish_annotator.py'...
***   File "./lib/python3.5/site-packages/prosodic/dicts/fi/syllabifier/finnish_annotator.py", line 42
    print "Error: File not found."
                                 ^
SyntaxError: Missing parentheses in call to 'print'

Compiling './lib/python3.5/site-packages/prosodic/dicts/fi/syllabifier/finnish_syllables.py'...
***   File "./lib/python3.5/site-packages/prosodic/dicts/fi/syllabifier/finnish_syllables.py", line 48
    print "Error: File not found."
                                 ^
SyntaxError: Missing parentheses in call to 'print'

Compiling './lib/python3.5/site-packages/prosodic/dicts/fi/syllabifier/finnish_text.py'...
***   File "./lib/python3.5/site-packages/prosodic/dicts/fi/syllabifier/finnish_text.py", line 25
    print "Please enter a single argument for the file to annotate"
                                                                  ^
SyntaxError: Missing parentheses in call to 'print'

Listing './lib/python3.5/site-packages/prosodic/lib'...
Compiling './lib/python3.5/site-packages/prosodic/lib/Corpus.py'...
***   File "./lib/python3.5/site-packages/prosodic/lib/Corpus.py", line 53
    print '>> text:',text.name
                   ^
SyntaxError: Missing parentheses in call to 'print'

Compiling './lib/python3.5/site-packages/prosodic/lib/Dictionary.py'...
***   File "./lib/python3.5/site-packages/prosodic/lib/Dictionary.py", line 76
    print "## booting ontology: " + self.language + " ..."
                                ^
SyntaxError: Missing parentheses in call to 'print'

Compiling './lib/python3.5/site-packages/prosodic/lib/Meter.py'...
***   File "./lib/python3.5/site-packages/prosodic/lib/Meter.py", line 17
    print '>> no meter specified. defaulting to this meter:'
                                                           ^
SyntaxError: Missing parentheses in call to 'print'

Compiling './lib/python3.5/site-packages/prosodic/lib/Phoneme.py'...
***   File "./lib/python3.5/site-packages/prosodic/lib/Phoneme.py", line 37
    print "<error> no cmu transcription for phoneme: ["+strself+"]"
                                                      ^
SyntaxError: Missing parentheses in call to 'print'

Compiling './lib/python3.5/site-packages/prosodic/lib/Sentence.py'...
*** Sorry: TabError: inconsistent use of tabs and spaces in indentation (Sentence.py, line 40)
Compiling './lib/python3.5/site-packages/prosodic/lib/Text.py'...
***   File "./lib/python3.5/site-packages/prosodic/lib/Text.py", line 64
    print '>> loading text:',self.name
                           ^
SyntaxError: Missing parentheses in call to 'print'

Compiling './lib/python3.5/site-packages/prosodic/lib/WordToken.py'...
*** Sorry: TabError: inconsistent use of tabs and spaces in indentation (WordToken.py, line 17)
Compiling './lib/python3.5/site-packages/prosodic/lib/entity.py'...
***   File "./lib/python3.5/site-packages/prosodic/lib/entity.py", line 128
    print self.u2s(breath)
             ^
SyntaxError: invalid syntax

Listing './lib/python3.5/site-packages/prosodic/lib/feats'...
Compiling './lib/python3.5/site-packages/prosodic/lib/lexconvert.py'...
***   File "./lib/python3.5/site-packages/prosodic/lib/lexconvert.py", line 143
    if d.has_key(i): print "Warning: duplicate row in "+which+":",i
                                                      ^
SyntaxError: invalid syntax

Compiling './lib/python3.5/site-packages/prosodic/lib/tools.py'...
***   File "./lib/python3.5/site-packages/prosodic/lib/tools.py", line 77
    print ">> loaded settings:"
                              ^
SyntaxError: Missing parentheses in call to 'print'

Listing './lib/python3.5/site-packages/prosodic/meters'...
Listing './lib/python3.5/site-packages/prosodic/metricaltree'...
Compiling './lib/python3.5/site-packages/prosodic/metricaltree/deptree.py'...
***   File "./lib/python3.5/site-packages/prosodic/metricaltree/deptree.py", line 229
    print ''
           ^
SyntaxError: Missing parentheses in call to 'print'

Compiling './lib/python3.5/site-packages/prosodic/metricaltree/metricaltree.py'...
***   File "./lib/python3.5/site-packages/prosodic/metricaltree/metricaltree.py", line 59
    print 'Working on %s...' % filename
                           ^
SyntaxError: Missing parentheses in call to 'print'

Compiling './lib/python3.5/site-packages/prosodic/prosodic.py'...
***   File "./lib/python3.5/site-packages/prosodic/prosodic.py", line 101
    print "<error> file not found"
                                 ^
SyntaxError: Missing parentheses in call to 'print'

Listing './lib/python3.5/site-packages/prosodic/tagged_samples'...
Listing './lib/python3.5/site-packages/prosodic-1.1.10.egg-info'...
Listing './lib/python3.5/site-packages/setuptools'...
Listing './lib/python3.5/site-packages/setuptools/command'...
Listing './lib/python3.5/site-packages/setuptools/extern'...
Listing './lib/python3.5/site-packages/setuptools-32.3.1.dist-info'...
Listing './lib/python3.5/site-packages/six-1.11.0.dist-info'...
Listing './share'...
Listing './share/python-wheels'...
