Listing '.'...
Listing './bin'...
Listing './include'...
Listing './include/site'...
Listing './include/site/python3.5'...
Listing './include/site/python3.5/persistent'...
Listing './include/site/python3.5/zope.proxy'...
Listing './lib'...
Listing './lib/python3.5'...
Listing './lib/python3.5/site-packages'...
Listing './lib/python3.5/site-packages/BTrees'...
Listing './lib/python3.5/site-packages/BTrees/tests'...
Listing './lib/python3.5/site-packages/BTrees-4.4.1.dist-info'...
Listing './lib/python3.5/site-packages/ZConfig'...
Listing './lib/python3.5/site-packages/ZConfig/components'...
Listing './lib/python3.5/site-packages/ZConfig/components/basic'...
Listing './lib/python3.5/site-packages/ZConfig/components/basic/tests'...
Listing './lib/python3.5/site-packages/ZConfig/components/logger'...
Listing './lib/python3.5/site-packages/ZConfig/components/logger/tests'...
Listing './lib/python3.5/site-packages/ZConfig/tests'...
Listing './lib/python3.5/site-packages/ZConfig/tests/input'...
Listing './lib/python3.5/site-packages/ZConfig/tests/library'...
Listing './lib/python3.5/site-packages/ZConfig/tests/library/thing'...
Listing './lib/python3.5/site-packages/ZConfig/tests/library/thing/extras'...
Listing './lib/python3.5/site-packages/ZConfig/tests/library/widget'...
Listing './lib/python3.5/site-packages/ZConfig/tests/zipsource'...
Listing './lib/python3.5/site-packages/ZConfig/tests/zipsource/foo'...
Listing './lib/python3.5/site-packages/ZConfig/tests/zipsource/foo/sample'...
Listing './lib/python3.5/site-packages/ZConfig-3.2.0.dist-info'...
Listing './lib/python3.5/site-packages/ZODB'...
Listing './lib/python3.5/site-packages/ZODB/FileStorage'...
Listing './lib/python3.5/site-packages/ZODB/scripts'...
Listing './lib/python3.5/site-packages/ZODB/scripts/manual_tests'...
Listing './lib/python3.5/site-packages/ZODB/scripts/tests'...
Listing './lib/python3.5/site-packages/ZODB/tests'...
Listing './lib/python3.5/site-packages/ZODB-5.3.0.egg-info'...
Listing './lib/python3.5/site-packages/persistent'...
Listing './lib/python3.5/site-packages/persistent/tests'...
Listing './lib/python3.5/site-packages/persistent-4.2.4.2.dist-info'...
Listing './lib/python3.5/site-packages/pip'...
Listing './lib/python3.5/site-packages/pip/_vendor'...
Listing './lib/python3.5/site-packages/pip/commands'...
Listing './lib/python3.5/site-packages/pip/compat'...
Listing './lib/python3.5/site-packages/pip/models'...
Listing './lib/python3.5/site-packages/pip/operations'...
Listing './lib/python3.5/site-packages/pip/req'...
Listing './lib/python3.5/site-packages/pip/utils'...
Listing './lib/python3.5/site-packages/pip/vcs'...
Listing './lib/python3.5/site-packages/pip-9.0.1.dist-info'...
Listing './lib/python3.5/site-packages/pkg_resources'...
Listing './lib/python3.5/site-packages/pkg_resources/_vendor'...
Listing './lib/python3.5/site-packages/pkg_resources/_vendor/packaging'...
Listing './lib/python3.5/site-packages/pkg_resources/extern'...
Listing './lib/python3.5/site-packages/pkg_resources-0.0.0.dist-info'...
Listing './lib/python3.5/site-packages/python_gettext-3.0.egg-info'...
Listing './lib/python3.5/site-packages/pythongettext'...
Listing './lib/python3.5/site-packages/pythongettext/tests'...
Listing './lib/python3.5/site-packages/pytz'...
Listing './lib/python3.5/site-packages/pytz/zoneinfo'...
Listing './lib/python3.5/site-packages/pytz/zoneinfo/Africa'...
Listing './lib/python3.5/site-packages/pytz/zoneinfo/America'...
Listing './lib/python3.5/site-packages/pytz/zoneinfo/America/Argentina'...
Listing './lib/python3.5/site-packages/pytz/zoneinfo/America/Indiana'...
Listing './lib/python3.5/site-packages/pytz/zoneinfo/America/Kentucky'...
Listing './lib/python3.5/site-packages/pytz/zoneinfo/America/North_Dakota'...
Listing './lib/python3.5/site-packages/pytz/zoneinfo/Antarctica'...
Listing './lib/python3.5/site-packages/pytz/zoneinfo/Arctic'...
Listing './lib/python3.5/site-packages/pytz/zoneinfo/Asia'...
Listing './lib/python3.5/site-packages/pytz/zoneinfo/Atlantic'...
Listing './lib/python3.5/site-packages/pytz/zoneinfo/Australia'...
Listing './lib/python3.5/site-packages/pytz/zoneinfo/Brazil'...
Listing './lib/python3.5/site-packages/pytz/zoneinfo/Canada'...
Listing './lib/python3.5/site-packages/pytz/zoneinfo/Chile'...
Listing './lib/python3.5/site-packages/pytz/zoneinfo/Etc'...
Listing './lib/python3.5/site-packages/pytz/zoneinfo/Europe'...
Listing './lib/python3.5/site-packages/pytz/zoneinfo/Indian'...
Listing './lib/python3.5/site-packages/pytz/zoneinfo/Mexico'...
Listing './lib/python3.5/site-packages/pytz/zoneinfo/Pacific'...
Listing './lib/python3.5/site-packages/pytz/zoneinfo/US'...
Listing './lib/python3.5/site-packages/pytz-2017.3.dist-info'...
Listing './lib/python3.5/site-packages/setuptools'...
Listing './lib/python3.5/site-packages/setuptools/command'...
Listing './lib/python3.5/site-packages/setuptools/extern'...
Listing './lib/python3.5/site-packages/setuptools-32.3.1.dist-info'...
Listing './lib/python3.5/site-packages/six-1.11.0.dist-info'...
Listing './lib/python3.5/site-packages/transaction'...
Listing './lib/python3.5/site-packages/transaction/tests'...
Listing './lib/python3.5/site-packages/transaction-2.1.2.dist-info'...
Listing './lib/python3.5/site-packages/twisted'...
Listing './lib/python3.5/site-packages/twisted/application'...
Compiling './lib/python3.5/site-packages/twisted/application/app.py'...
***   File "./lib/python3.5/site-packages/twisted/application/app.py", line 22
    except ImportError, e:
                      ^
SyntaxError: invalid syntax

Listing './lib/python3.5/site-packages/twisted/conch'...
Listing './lib/python3.5/site-packages/twisted/conch/client'...
Compiling './lib/python3.5/site-packages/twisted/conch/client/default.py'...
***   File "./lib/python3.5/site-packages/twisted/conch/client/default.py", line 32
    print """The authenticity of host '%s' can't be established.
%s key fingerprint is %s.""" % (host,
                                                                
                           ^
SyntaxError: invalid syntax

Compiling './lib/python3.5/site-packages/twisted/conch/client/direct.py'...
***   File "./lib/python3.5/site-packages/twisted/conch/client/direct.py", line 73
    print message
                ^
SyntaxError: Missing parentheses in call to 'print'

Compiling './lib/python3.5/site-packages/twisted/conch/client/unix.py'...
***   File "./lib/python3.5/site-packages/twisted/conch/client/unix.py", line 53
    if stat.S_IMODE(filestats[0]) != 0600:
                                        ^
SyntaxError: invalid token

Listing './lib/python3.5/site-packages/twisted/conch/insults'...
Compiling './lib/python3.5/site-packages/twisted/conch/insults/client.py'...
***   File "./lib/python3.5/site-packages/twisted/conch/insults/client.py", line 127
    print command
                ^
SyntaxError: Missing parentheses in call to 'print'

Compiling './lib/python3.5/site-packages/twisted/conch/insults/helper.py'...
***   File "./lib/python3.5/site-packages/twisted/conch/insults/helper.py", line 99
    exec '%s = object()' % (keyID,)
                       ^
SyntaxError: invalid syntax

Compiling './lib/python3.5/site-packages/twisted/conch/insults/insults.py'...
***   File "./lib/python3.5/site-packages/twisted/conch/insults/insults.py", line 911
    exec ch + " = _makeSimple(ch, fName)"
          ^
SyntaxError: invalid syntax

Compiling './lib/python3.5/site-packages/twisted/conch/insults/window.py'...
***   File "./lib/python3.5/site-packages/twisted/conch/insults/window.py", line 370
    def __getitem__(self, (x, y)):
                          ^
SyntaxError: invalid syntax

Listing './lib/python3.5/site-packages/twisted/conch/openssh_compat'...
Compiling './lib/python3.5/site-packages/twisted/conch/openssh_compat/factory.py'...
***   File "./lib/python3.5/site-packages/twisted/conch/openssh_compat/factory.py", line 18
    except Exception, e:
                    ^
SyntaxError: invalid syntax

Compiling './lib/python3.5/site-packages/twisted/conch/recvline.py'...
***   File "./lib/python3.5/site-packages/twisted/conch/recvline.py", line 62
    exec '%s = object()' % (keyID,)
                       ^
SyntaxError: invalid syntax

Listing './lib/python3.5/site-packages/twisted/conch/scripts'...
Compiling './lib/python3.5/site-packages/twisted/conch/scripts/cftp.py'...
***   File "./lib/python3.5/site-packages/twisted/conch/scripts/cftp.py", line 61
    except usage.UsageError, u:
                           ^
SyntaxError: invalid syntax

Compiling './lib/python3.5/site-packages/twisted/conch/scripts/ckeygen.py'...
***   File "./lib/python3.5/site-packages/twisted/conch/scripts/ckeygen.py", line 48
    except usage.UsageError, u:
                           ^
SyntaxError: invalid syntax

Compiling './lib/python3.5/site-packages/twisted/conch/scripts/conch.py'...
***   File "./lib/python3.5/site-packages/twisted/conch/scripts/conch.py", line 103
    except usage.UsageError, u:
                           ^
SyntaxError: invalid syntax

Compiling './lib/python3.5/site-packages/twisted/conch/scripts/tkconch.py'...
***   File "./lib/python3.5/site-packages/twisted/conch/scripts/tkconch.py", line 301
    except usage.UsageError, u:
                           ^
SyntaxError: invalid syntax

Listing './lib/python3.5/site-packages/twisted/conch/ssh'...
Compiling './lib/python3.5/site-packages/twisted/conch/ssh/agent.py'...
***   File "./lib/python3.5/site-packages/twisted/conch/ssh/agent.py", line 104
    print 'bad request', reqType
                      ^
SyntaxError: Missing parentheses in call to 'print'

Compiling './lib/python3.5/site-packages/twisted/conch/ssh/asn1.py'...
***   File "./lib/python3.5/site-packages/twisted/conch/ssh/asn1.py", line 47
    elif type(part) in (type(1), type(1L)):
                                       ^
SyntaxError: invalid syntax

Compiling './lib/python3.5/site-packages/twisted/conch/ssh/connection.py'...
***   File "./lib/python3.5/site-packages/twisted/conch/ssh/connection.py", line 85
    except Exception, e:
                    ^
SyntaxError: invalid syntax

Compiling './lib/python3.5/site-packages/twisted/conch/ssh/filetransfer.py'...
***   File "./lib/python3.5/site-packages/twisted/conch/ssh/filetransfer.py", line 156
    raise KeyError, 'id already open'
                  ^
SyntaxError: invalid syntax

Compiling './lib/python3.5/site-packages/twisted/conch/ssh/forwarding.py'...
***   File "./lib/python3.5/site-packages/twisted/conch/ssh/forwarding.py", line 134
    def packOpen_direct_tcpip((connHost, connPort), (origHost, origPort)):
                              ^
SyntaxError: invalid syntax

Compiling './lib/python3.5/site-packages/twisted/conch/ssh/keys.py'...
***   File "./lib/python3.5/site-packages/twisted/conch/ssh/keys.py", line 197
    raise BadKeyError, 'encrypted key with no passphrase'
                     ^
SyntaxError: invalid syntax

Compiling './lib/python3.5/site-packages/twisted/conch/ssh/session.py'...
***   File "./lib/python3.5/site-packages/twisted/conch/ssh/session.py", line 232
    def packRequest_pty_req(term, (rows, cols, xpixel, ypixel), modes):
                                  ^
SyntaxError: invalid syntax

Compiling './lib/python3.5/site-packages/twisted/conch/ssh/transport.py'...
***   File "./lib/python3.5/site-packages/twisted/conch/ssh/transport.py", line 265
    raise TypeError, 'direction must be "out", "in", or "both"'
                   ^
SyntaxError: invalid syntax

Compiling './lib/python3.5/site-packages/twisted/conch/ssh/userauth.py'...
***   File "./lib/python3.5/site-packages/twisted/conch/ssh/userauth.py", line 95
    def _cbFinishedAuth(self, (interface, avatar, logout)):
                              ^
SyntaxError: invalid syntax

Listing './lib/python3.5/site-packages/twisted/conch/test'...
Compiling './lib/python3.5/site-packages/twisted/conch/test/test_conch.py'...
***   File "./lib/python3.5/site-packages/twisted/conch/test/test_conch.py", line 309
    raise unittest.SkipTest, 'skipping test, cannot find ssh'
                           ^
SyntaxError: invalid syntax

Compiling './lib/python3.5/site-packages/twisted/conch/test/test_filetransfer.py'...
***   File "./lib/python3.5/site-packages/twisted/conch/test/test_filetransfer.py", line 91
    os.chmod(os.path.join(self.testDir, 'testfile1'), 0644)
                                                         ^
SyntaxError: invalid token

Compiling './lib/python3.5/site-packages/twisted/conch/test/test_insults.py'...
***   File "./lib/python3.5/site-packages/twisted/conch/test/test_insults.py", line 92
    exec _byteGroupingTestTemplate % {'groupName': word, 'bytesPer': n}
                                 ^
SyntaxError: Missing parentheses in call to 'exec'

Listing './lib/python3.5/site-packages/twisted/conch/topfiles'...
Listing './lib/python3.5/site-packages/twisted/conch/ui'...
Compiling './lib/python3.5/site-packages/twisted/conch/unix.py'...
***   File "./lib/python3.5/site-packages/twisted/conch/unix.py", line 408
    mode = 0777
              ^
SyntaxError: invalid token

Listing './lib/python3.5/site-packages/twisted/cred'...
Compiling './lib/python3.5/site-packages/twisted/cred/pamauth.py'...
***   File "./lib/python3.5/site-packages/twisted/cred/pamauth.py", line 39
    raise done[1].type, done[1].value
                      ^
SyntaxError: invalid syntax

Listing './lib/python3.5/site-packages/twisted/enterprise'...
Listing './lib/python3.5/site-packages/twisted/flow'...
Compiling './lib/python3.5/site-packages/twisted/flow/pipe.py'...
***   File "./lib/python3.5/site-packages/twisted/flow/pipe.py", line 111
    raise RuntimeError, "trailing data remains: '%s'" % tail[:10]
                      ^
SyntaxError: invalid syntax

Compiling './lib/python3.5/site-packages/twisted/flow/stage.py'...
***   File "./lib/python3.5/site-packages/twisted/flow/stage.py", line 79
    except Failure, fail:
                  ^
SyntaxError: invalid syntax

Listing './lib/python3.5/site-packages/twisted/flow/test'...
Listing './lib/python3.5/site-packages/twisted/flow/topfiles'...
Compiling './lib/python3.5/site-packages/twisted/flow/wrap.py'...
***   File "./lib/python3.5/site-packages/twisted/flow/wrap.py", line 106
    except Failure, fail:
                  ^
SyntaxError: invalid syntax

Listing './lib/python3.5/site-packages/twisted/internet'...
Compiling './lib/python3.5/site-packages/twisted/internet/_dumbwin32proc.py'...
***   File "./lib/python3.5/site-packages/twisted/internet/_dumbwin32proc.py", line 37
    print msg
            ^
SyntaxError: Missing parentheses in call to 'print'

Compiling './lib/python3.5/site-packages/twisted/internet/_javaserialport.py'...
***   File "./lib/python3.5/site-packages/twisted/internet/_javaserialport.py", line 50
    except Exception, e:
                    ^
SyntaxError: invalid syntax

Compiling './lib/python3.5/site-packages/twisted/internet/_posixserialport.py'...
***   File "./lib/python3.5/site-packages/twisted/internet/_posixserialport.py", line 48
    except IOError, io:
                  ^
SyntaxError: invalid syntax

Compiling './lib/python3.5/site-packages/twisted/internet/_threadedselect.py'...
***   File "./lib/python3.5/site-packages/twisted/internet/_threadedselect.py", line 171
    except ValueError, ve:
                     ^
SyntaxError: invalid syntax

Compiling './lib/python3.5/site-packages/twisted/internet/base.py'...
***   File "./lib/python3.5/site-packages/twisted/internet/base.py", line 342
    raise RuntimeError, "can't stop reactor that isn't running"
                      ^
SyntaxError: invalid syntax

Compiling './lib/python3.5/site-packages/twisted/internet/cfreactor.py'...
***   File "./lib/python3.5/site-packages/twisted/internet/cfreactor.py", line 63
    raise ValueError, "This socket wrapper is already initialized"
                    ^
SyntaxError: invalid syntax

Listing './lib/python3.5/site-packages/twisted/internet/cfsupport'...
Compiling './lib/python3.5/site-packages/twisted/internet/defer.py'...
***   File "./lib/python3.5/site-packages/twisted/internet/defer.py", line 731
    except _DefGen_Return, e:
                         ^
SyntaxError: invalid syntax

Compiling './lib/python3.5/site-packages/twisted/internet/epollreactor.py'...
***   File "./lib/python3.5/site-packages/twisted/internet/epollreactor.py", line 165
    except IOError, err:
                  ^
SyntaxError: invalid syntax

Compiling './lib/python3.5/site-packages/twisted/internet/fdesc.py'...
***   File "./lib/python3.5/site-packages/twisted/internet/fdesc.py", line 46
    except (OSError, IOError), ioe:
                             ^
SyntaxError: invalid syntax

Compiling './lib/python3.5/site-packages/twisted/internet/gtkreactor.py'...
***   File "./lib/python3.5/site-packages/twisted/internet/gtkreactor.py", line 28
    except ImportError, AttributeError:
                      ^
SyntaxError: invalid syntax

Compiling './lib/python3.5/site-packages/twisted/internet/interfaces.py'...
***   File "./lib/python3.5/site-packages/twisted/internet/interfaces.py", line 271
    def listenUNIX(address, factory, backlog=50, mode=0666, wantPID=0):
                                                         ^
SyntaxError: invalid token

Listing './lib/python3.5/site-packages/twisted/internet/iocpreactor'...
Compiling './lib/python3.5/site-packages/twisted/internet/iocpreactor/abstract.py'...
***   File "./lib/python3.5/site-packages/twisted/internet/iocpreactor/abstract.py", line 128
    except TypeError, e:
                    ^
SyntaxError: invalid syntax

Compiling './lib/python3.5/site-packages/twisted/internet/iocpreactor/client.py'...
***   File "./lib/python3.5/site-packages/twisted/internet/iocpreactor/client.py", line 42
    except socket.error, se:
                       ^
SyntaxError: invalid syntax

Compiling './lib/python3.5/site-packages/twisted/internet/iocpreactor/ops.py'...
***   File "./lib/python3.5/site-packages/twisted/internet/iocpreactor/ops.py", line 37
    def ovDone(self, ret, bytes, (handle, buffer)):
                                 ^
SyntaxError: invalid syntax

Compiling './lib/python3.5/site-packages/twisted/internet/iocpreactor/server.py'...
***   File "./lib/python3.5/site-packages/twisted/internet/iocpreactor/server.py", line 54
    except socket.error, le:
                       ^
SyntaxError: invalid syntax

Compiling './lib/python3.5/site-packages/twisted/internet/iocpreactor/tcp.py'...
***   File "./lib/python3.5/site-packages/twisted/internet/iocpreactor/tcp.py", line 47
    def __init__(self, (host, port), factory, backlog):
                       ^
SyntaxError: invalid syntax

Compiling './lib/python3.5/site-packages/twisted/internet/iocpreactor/udp.py'...
***   File "./lib/python3.5/site-packages/twisted/internet/iocpreactor/udp.py", line 55
    raise ValueError, "please pass only IP addresses, not domain names"
                    ^
SyntaxError: invalid syntax

Compiling './lib/python3.5/site-packages/twisted/internet/kqreactor.py'...
***   File "./lib/python3.5/site-packages/twisted/internet/kqreactor.py", line 160
    except OSError, e:
                  ^
SyntaxError: invalid syntax

Compiling './lib/python3.5/site-packages/twisted/internet/pollreactor.py'...
***   File "./lib/python3.5/site-packages/twisted/internet/pollreactor.py", line 135
    except select.error, e:
                       ^
SyntaxError: invalid syntax

Compiling './lib/python3.5/site-packages/twisted/internet/posixbase.py'...
***   File "./lib/python3.5/site-packages/twisted/internet/posixbase.py", line 93
    except socket.error, (err, msg):
                       ^
SyntaxError: invalid syntax

Compiling './lib/python3.5/site-packages/twisted/internet/process.py'...
***   File "./lib/python3.5/site-packages/twisted/internet/process.py", line 134
    except IOError, io:
                  ^
SyntaxError: invalid syntax

Compiling './lib/python3.5/site-packages/twisted/internet/selectreactor.py'...
***   File "./lib/python3.5/site-packages/twisted/internet/selectreactor.py", line 99
    except ValueError, ve:
                     ^
SyntaxError: invalid syntax

Compiling './lib/python3.5/site-packages/twisted/internet/task.py'...
***   File "./lib/python3.5/site-packages/twisted/internet/task.py", line 70
    raise ValueError, "interval must be >= 0"
                    ^
SyntaxError: invalid syntax

Compiling './lib/python3.5/site-packages/twisted/internet/tcp.py'...
***   File "./lib/python3.5/site-packages/twisted/internet/tcp.py", line 135
    except SSL.SysCallError, (retval, desc):
                           ^
SyntaxError: invalid syntax

Compiling './lib/python3.5/site-packages/twisted/internet/udp.py'...
***   File "./lib/python3.5/site-packages/twisted/internet/udp.py", line 91
    except socket.error, le:
                       ^
SyntaxError: invalid syntax

Compiling './lib/python3.5/site-packages/twisted/internet/unix.py'...
***   File "./lib/python3.5/site-packages/twisted/internet/unix.py", line 20
    raise ImportError, "UNIX sockets not supported on this platform"
                     ^
SyntaxError: invalid syntax

Compiling './lib/python3.5/site-packages/twisted/internet/utils.py'...
***   File "./lib/python3.5/site-packages/twisted/internet/utils.py", line 148
    raise exc_info[0], exc_info[1], exc_info[2]
                     ^
SyntaxError: invalid syntax

Listing './lib/python3.5/site-packages/twisted/lore'...
Compiling './lib/python3.5/site-packages/twisted/lore/default.py'...
***   File "./lib/python3.5/site-packages/twisted/lore/default.py", line 24
    except IOError, e:
                  ^
SyntaxError: invalid syntax

Compiling './lib/python3.5/site-packages/twisted/lore/lint.py'...
***   File "./lib/python3.5/site-packages/twisted/lore/lint.py", line 29
    print "%s:%s:%s: %s" % ((filename,)+pos+(error,))
                       ^
SyntaxError: invalid syntax

Compiling './lib/python3.5/site-packages/twisted/lore/nevowlore.py'...
***   File "./lib/python3.5/site-packages/twisted/lore/nevowlore.py", line 41
    except microdom.MismatchedTags, e:
                                  ^
SyntaxError: invalid syntax

Compiling './lib/python3.5/site-packages/twisted/lore/process.py'...
***   File "./lib/python3.5/site-packages/twisted/lore/process.py", line 54
    except ProcessingFailure, e:
                            ^
SyntaxError: invalid syntax

Listing './lib/python3.5/site-packages/twisted/lore/scripts'...
Compiling './lib/python3.5/site-packages/twisted/lore/scripts/lore.py'...
***   File "./lib/python3.5/site-packages/twisted/lore/scripts/lore.py", line 77
    print '%s: no such input: %s' % (sys.argv[0], input)
                                ^
SyntaxError: invalid syntax

Listing './lib/python3.5/site-packages/twisted/lore/test'...
Compiling './lib/python3.5/site-packages/twisted/lore/test/test_lore.py'...
***   File "./lib/python3.5/site-packages/twisted/lore/test/test_lore.py", line 86
    if len(expected) != len(act): print "Actual: " + act ##d
                                                 ^
SyntaxError: invalid syntax

Listing './lib/python3.5/site-packages/twisted/lore/topfiles'...
Compiling './lib/python3.5/site-packages/twisted/lore/tree.py'...
***   File "./lib/python3.5/site-packages/twisted/lore/tree.py", line 832
    except microdom.MismatchedTags, e:
                                  ^
SyntaxError: invalid syntax

Listing './lib/python3.5/site-packages/twisted/mail'...
Compiling './lib/python3.5/site-packages/twisted/mail/imap4.py'...
***   File "./lib/python3.5/site-packages/twisted/mail/imap4.py", line 588
    except Exception, e:
                    ^
SyntaxError: invalid syntax

Compiling './lib/python3.5/site-packages/twisted/mail/mail.py'...
***   File "./lib/python3.5/site-packages/twisted/mail/mail.py", line 188
    raise AssertionError, "No code should ever call this method for any reason"
                        ^
SyntaxError: invalid syntax

Compiling './lib/python3.5/site-packages/twisted/mail/maildir.py'...
***   File "./lib/python3.5/site-packages/twisted/mail/maildir.py", line 67
    os.mkdir(dir, 0700)
                     ^
SyntaxError: invalid token

Compiling './lib/python3.5/site-packages/twisted/mail/pop3.py'...
***   File "./lib/python3.5/site-packages/twisted/mail/pop3.py", line 346
    except (ValueError, AttributeError, POP3Error, TypeError), e:
                                                             ^
SyntaxError: invalid syntax

Compiling './lib/python3.5/site-packages/twisted/mail/pop3client.py'...
***   File "./lib/python3.5/site-packages/twisted/mail/pop3client.py", line 67
    def setitem(self, (item, value)):
                      ^
SyntaxError: invalid syntax

Listing './lib/python3.5/site-packages/twisted/mail/scripts'...
Compiling './lib/python3.5/site-packages/twisted/mail/scripts/mailmail.py'...
***   File "./lib/python3.5/site-packages/twisted/mail/scripts/mailmail.py", line 75
    raise ValueError, "Unsupported option"
                    ^
SyntaxError: invalid syntax

Compiling './lib/python3.5/site-packages/twisted/mail/smtp.py'...
***   File "./lib/python3.5/site-packages/twisted/mail/smtp.py", line 327
    rand = random.randrange(2**31L-1)
                                 ^
SyntaxError: invalid syntax

Listing './lib/python3.5/site-packages/twisted/mail/test'...
Compiling './lib/python3.5/site-packages/twisted/mail/test/pop3testserver.py'...
***   File "./lib/python3.5/site-packages/twisted/mail/test/pop3testserver.py", line 227
    print "Server Starting in %s mode" % msg
                                     ^
SyntaxError: Missing parentheses in call to 'print'

Compiling './lib/python3.5/site-packages/twisted/mail/test/test_imap.py'...
***   File "./lib/python3.5/site-packages/twisted/mail/test/test_imap.py", line 840
    def __cb_fetchBodyParts(self, (lines, last)):
                                  ^
SyntaxError: invalid syntax

Compiling './lib/python3.5/site-packages/twisted/mail/test/test_pop3.py'...
***   File "./lib/python3.5/site-packages/twisted/mail/test/test_pop3.py", line 195
    print parts
              ^
SyntaxError: Missing parentheses in call to 'print'

Compiling './lib/python3.5/site-packages/twisted/mail/test/test_pop3client.py'...
***   File "./lib/python3.5/site-packages/twisted/mail/test/test_pop3client.py", line 177
    def consume(self, (item, value)):
                      ^
SyntaxError: invalid syntax

Compiling './lib/python3.5/site-packages/twisted/mail/test/test_smtp.py'...
***   File "./lib/python3.5/site-packages/twisted/mail/test/test_smtp.py", line 328
    raise AssertionError, (send, expect, data)
                        ^
SyntaxError: invalid syntax

Listing './lib/python3.5/site-packages/twisted/mail/topfiles'...
Listing './lib/python3.5/site-packages/twisted/manhole'...
Compiling './lib/python3.5/site-packages/twisted/manhole/_inspectro.py'...
***   File "./lib/python3.5/site-packages/twisted/manhole/_inspectro.py", line 234
    print repr(command)
             ^
SyntaxError: invalid syntax

Compiling './lib/python3.5/site-packages/twisted/manhole/explorer.py'...
***   File "./lib/python3.5/site-packages/twisted/manhole/explorer.py", line 540
    raise TypeError, "Sorry, can only place a watch on Instances."
                   ^
SyntaxError: invalid syntax

Compiling './lib/python3.5/site-packages/twisted/manhole/gladereactor.py'...
***   File "./lib/python3.5/site-packages/twisted/manhole/gladereactor.py", line 55
    def listenUNIX(self, address, factory, backlog=50, mode=0666):
                                                               ^
SyntaxError: invalid token

Compiling './lib/python3.5/site-packages/twisted/manhole/telnet.py'...
***   File "./lib/python3.5/site-packages/twisted/manhole/telnet.py", line 65
    exec code in self.factory.namespace
            ^
SyntaxError: Missing parentheses in call to 'exec'

Listing './lib/python3.5/site-packages/twisted/manhole/ui'...
Compiling './lib/python3.5/site-packages/twisted/manhole/ui/gtk2manhole.py'...
***   File "./lib/python3.5/site-packages/twisted/manhole/ui/gtk2manhole.py", line 239
    print ksym
             ^
SyntaxError: Missing parentheses in call to 'print'

Compiling './lib/python3.5/site-packages/twisted/manhole/ui/gtkmanhole.py'...
***   File "./lib/python3.5/site-packages/twisted/manhole/ui/gtkmanhole.py", line 22
    True = gtk.TRUE
                  ^
SyntaxError: can't assign to keyword

Compiling './lib/python3.5/site-packages/twisted/manhole/ui/pywidgets.py'...
***   File "./lib/python3.5/site-packages/twisted/manhole/ui/pywidgets.py", line 81
    except SyntaxError, e:
                      ^
SyntaxError: invalid syntax

Compiling './lib/python3.5/site-packages/twisted/manhole/ui/spelunk_gnome.py'...
***   File "./lib/python3.5/site-packages/twisted/manhole/ui/spelunk_gnome.py", line 38
    (True, False) = (gtk.TRUE, gtk.FALSE)
                                        ^
SyntaxError: can't assign to keyword

Listing './lib/python3.5/site-packages/twisted/names'...
Compiling './lib/python3.5/site-packages/twisted/names/authority.py'...
***   File "./lib/python3.5/site-packages/twisted/names/authority.py", line 25
    o = os.umask(0177)
                    ^
SyntaxError: invalid token

Compiling './lib/python3.5/site-packages/twisted/names/client.py'...
***   File "./lib/python3.5/site-packages/twisted/names/client.py", line 100
    raise ValueError, "No nameservers specified"
                    ^
SyntaxError: invalid syntax

Compiling './lib/python3.5/site-packages/twisted/names/common.py'...
***   File "./lib/python3.5/site-packages/twisted/names/common.py", line 25
    except KeyError, e:
                   ^
SyntaxError: invalid syntax

Compiling './lib/python3.5/site-packages/twisted/names/dns.py'...
***   File "./lib/python3.5/site-packages/twisted/names/dns.py", line 166
    raise ValueError, "Invalid time interval specifier: " + s
                    ^
SyntaxError: invalid syntax

Compiling './lib/python3.5/site-packages/twisted/names/root.py'...
***   File "./lib/python3.5/site-packages/twisted/names/root.py", line 202
    print 'Specify a domain'
                           ^
SyntaxError: Missing parentheses in call to 'print'

Compiling './lib/python3.5/site-packages/twisted/names/server.py'...
***   File "./lib/python3.5/site-packages/twisted/names/server.py", line 83
    def gotResolverResponse(self, (ans, auth, add), protocol, message, address):
                                  ^
SyntaxError: invalid syntax

Compiling './lib/python3.5/site-packages/twisted/names/srvconnect.py'...
***   File "./lib/python3.5/site-packages/twisted/names/srvconnect.py", line 75
    def _cbGotServers(self, (answers, auth, add)):
                            ^
SyntaxError: invalid syntax

Compiling './lib/python3.5/site-packages/twisted/names/tap.py'...
***   File "./lib/python3.5/site-packages/twisted/names/tap.py", line 81
    except Exception, e:
                    ^
SyntaxError: invalid syntax

Listing './lib/python3.5/site-packages/twisted/names/test'...
Compiling './lib/python3.5/site-packages/twisted/names/test/test_client.py'...
***   File "./lib/python3.5/site-packages/twisted/names/test/test_client.py", line 50
    def checkResult(self, (results, authority, additional), qtype):
                          ^
SyntaxError: invalid syntax

Listing './lib/python3.5/site-packages/twisted/names/topfiles'...
Listing './lib/python3.5/site-packages/twisted/news'...
Compiling './lib/python3.5/site-packages/twisted/news/database.py'...
***   File "./lib/python3.5/site-packages/twisted/news/database.py", line 428
    except IOError, e:
                  ^
SyntaxError: invalid syntax

Compiling './lib/python3.5/site-packages/twisted/news/news.py'...
***   File "./lib/python3.5/site-packages/twisted/news/news.py", line 42
    print 'Connection failed: ', reason
                              ^
SyntaxError: Missing parentheses in call to 'print'

Compiling './lib/python3.5/site-packages/twisted/news/nntp.py'...
***   File "./lib/python3.5/site-packages/twisted/news/nntp.py", line 52
    except ValueError, e:
                     ^
SyntaxError: invalid syntax

Compiling './lib/python3.5/site-packages/twisted/news/tap.py'...
***   File "./lib/python3.5/site-packages/twisted/news/tap.py", line 126
    print s
          ^
SyntaxError: Missing parentheses in call to 'print'

Listing './lib/python3.5/site-packages/twisted/news/test'...
Listing './lib/python3.5/site-packages/twisted/news/topfiles'...
Listing './lib/python3.5/site-packages/twisted/pair'...
Compiling './lib/python3.5/site-packages/twisted/pair/ethernet.py'...
***   File "./lib/python3.5/site-packages/twisted/pair/ethernet.py", line 42
    raise TypeError, 'Added protocol must be positive or zero'
                   ^
SyntaxError: invalid syntax

Compiling './lib/python3.5/site-packages/twisted/pair/ip.py'...
***   File "./lib/python3.5/site-packages/twisted/pair/ip.py", line 32
    MAX_SIZE = 2L**32
                ^
SyntaxError: invalid syntax

Compiling './lib/python3.5/site-packages/twisted/pair/rawudp.py'...
***   File "./lib/python3.5/site-packages/twisted/pair/rawudp.py", line 28
    raise TypeError, 'Added protocol must be an instance of DatagramProtocol'
                   ^
SyntaxError: invalid syntax

Listing './lib/python3.5/site-packages/twisted/pair/test'...
Compiling './lib/python3.5/site-packages/twisted/pair/test/test_ethernet.py'...
***   File "./lib/python3.5/site-packages/twisted/pair/test/test_ethernet.py", line 185
    raise AssertionError, 'addProto must raise an exception for bad protocols'
                        ^
SyntaxError: invalid syntax

Compiling './lib/python3.5/site-packages/twisted/pair/test/test_ip.py'...
***   File "./lib/python3.5/site-packages/twisted/pair/test/test_ip.py", line 376
    raise AssertionError, 'addProto must raise an exception for bad protocols'
                        ^
SyntaxError: invalid syntax

Compiling './lib/python3.5/site-packages/twisted/pair/test/test_rawudp.py'...
***   File "./lib/python3.5/site-packages/twisted/pair/test/test_rawudp.py", line 15
    def datagramReceived(self, data, (host, port)):
                                     ^
SyntaxError: invalid syntax

Listing './lib/python3.5/site-packages/twisted/pair/topfiles'...
Compiling './lib/python3.5/site-packages/twisted/pair/tuntap.py'...
***   File "./lib/python3.5/site-packages/twisted/pair/tuntap.py", line 76
    except OSError, e:
                  ^
SyntaxError: invalid syntax

Listing './lib/python3.5/site-packages/twisted/persisted'...
Compiling './lib/python3.5/site-packages/twisted/persisted/aot.py'...
***   File "./lib/python3.5/site-packages/twisted/persisted/aot.py", line 259
    exec stringOrFile.read() in ns
                    ^
SyntaxError: invalid syntax

Compiling './lib/python3.5/site-packages/twisted/persisted/crefutil.py'...
***   File "./lib/python3.5/site-packages/twisted/persisted/crefutil.py", line 122
    raise 'waht!?', n, obj
                  ^
SyntaxError: invalid syntax

Compiling './lib/python3.5/site-packages/twisted/persisted/dirdbm.py'...
***   File "./lib/python3.5/site-packages/twisted/persisted/dirdbm.py", line 160
    raise KeyError, k
                  ^
SyntaxError: invalid syntax

Listing './lib/python3.5/site-packages/twisted/persisted/journal'...
Compiling './lib/python3.5/site-packages/twisted/persisted/journal/rowjournal.py'...
***   File "./lib/python3.5/site-packages/twisted/persisted/journal/rowjournal.py", line 68
    raise ValueError, "sync already in progress"
                    ^
SyntaxError: invalid syntax

Compiling './lib/python3.5/site-packages/twisted/persisted/marmalade.py'...
***   File "./lib/python3.5/site-packages/twisted/persisted/marmalade.py", line 46
    raise TypeError, "%s is not a class" % klass
                   ^
SyntaxError: invalid syntax

Compiling './lib/python3.5/site-packages/twisted/persisted/sob.py'...
***   File "./lib/python3.5/site-packages/twisted/persisted/sob.py", line 213
    exec data in d, d
            ^
SyntaxError: Missing parentheses in call to 'exec'

Compiling './lib/python3.5/site-packages/twisted/plugin.py'...
***   File "./lib/python3.5/site-packages/twisted/plugin.py", line 127
    except WindowsError, e:
                       ^
SyntaxError: invalid syntax

Listing './lib/python3.5/site-packages/twisted/plugins'...
Listing './lib/python3.5/site-packages/twisted/protocols'...
Compiling './lib/python3.5/site-packages/twisted/protocols/amp.py'...
***   File "./lib/python3.5/site-packages/twisted/protocols/amp.py", line 616
    _counter = 0L
                ^
SyntaxError: invalid syntax

Compiling './lib/python3.5/site-packages/twisted/protocols/basic.py'...
***   File "./lib/python3.5/site-packages/twisted/protocols/basic.py", line 87
    raise NetstringParseError, "netstring too long"
                             ^
SyntaxError: invalid syntax

Compiling './lib/python3.5/site-packages/twisted/protocols/ftp.py'...
***   File "./lib/python3.5/site-packages/twisted/protocols/ftp.py", line 707
    def _cbLogin((interface, avatar, logout)):
                 ^
SyntaxError: invalid syntax

Listing './lib/python3.5/site-packages/twisted/protocols/gps'...
Compiling './lib/python3.5/site-packages/twisted/protocols/gps/nmea.py'...
***   File "./lib/python3.5/site-packages/twisted/protocols/gps/nmea.py", line 85
    except Exception, e:
                    ^
SyntaxError: invalid syntax

Compiling './lib/python3.5/site-packages/twisted/protocols/ident.py'...
***   File "./lib/python3.5/site-packages/twisted/protocols/ident.py", line 101
    def _cbLookup(self, (sysName, userId), sport, cport):
                        ^
SyntaxError: invalid syntax

Listing './lib/python3.5/site-packages/twisted/protocols/mice'...
Compiling './lib/python3.5/site-packages/twisted/protocols/shoutcast.py'...
***   File "./lib/python3.5/site-packages/twisted/protocols/shoutcast.py", line 105
    raise NotImplementedError, "implement in subclass"
                             ^
SyntaxError: invalid syntax

Compiling './lib/python3.5/site-packages/twisted/protocols/sip.py'...
***   File "./lib/python3.5/site-packages/twisted/protocols/sip.py", line 224
    raise ValueError, "wrong protocol or version: %r" % value
                    ^
SyntaxError: invalid syntax

Compiling './lib/python3.5/site-packages/twisted/protocols/socks.py'...
***   File "./lib/python3.5/site-packages/twisted/protocols/socks.py", line 77
    raise RuntimeError, "struct error with head='%s' and buf='%s'"%(repr(head),repr(self.buf))
                      ^
SyntaxError: invalid syntax

Listing './lib/python3.5/site-packages/twisted/python'...
Compiling './lib/python3.5/site-packages/twisted/python/compat.py'...
***   File "./lib/python3.5/site-packages/twisted/python/compat.py", line 143
    exec """def %s(self, *args):
                self._lock.acquire()
                try:
                    return apply(self._ssl_conn.%s, args)
                finally:
                    self._lock.release()\n""" % (f, f)
                                
                                    
                    
                                                         
                        
                                            ^
SyntaxError: invalid syntax

Compiling './lib/python3.5/site-packages/twisted/python/dist.py'...
***   File "./lib/python3.5/site-packages/twisted/python/dist.py", line 252
    except EnvironmentError, e:
                           ^
SyntaxError: invalid syntax

Compiling './lib/python3.5/site-packages/twisted/python/failure.py'...
***   File "./lib/python3.5/site-packages/twisted/python/failure.py", line 41
    raise ValueError, "Detail must be default, brief, or verbose. (not %r)" % (detail,)
                    ^
SyntaxError: invalid syntax

Compiling './lib/python3.5/site-packages/twisted/python/filepath.py'...
***   File "./lib/python3.5/site-packages/twisted/python/filepath.py", line 418
    except OSError, ose:
                  ^
SyntaxError: invalid syntax

Compiling './lib/python3.5/site-packages/twisted/python/finalize.py'...
***   File "./lib/python3.5/site-packages/twisted/python/finalize.py", line 27
    print 'I am _so_ dead.'
                          ^
SyntaxError: Missing parentheses in call to 'print'

Compiling './lib/python3.5/site-packages/twisted/python/formmethod.py'...
***   File "./lib/python3.5/site-packages/twisted/python/formmethod.py", line 62
    raise NotImplementedError, "implement in subclass"
                             ^
SyntaxError: invalid syntax

Compiling './lib/python3.5/site-packages/twisted/python/htmlizer.py'...
***   File "./lib/python3.5/site-packages/twisted/python/htmlizer.py", line 16
    def printtoken(self, type, token, (srow, scol), (erow, ecol), line):
                                      ^
SyntaxError: invalid syntax

Compiling './lib/python3.5/site-packages/twisted/python/lockfile.py'...
***   File "./lib/python3.5/site-packages/twisted/python/lockfile.py", line 88
    except (OSError, IOError), e:
                             ^
SyntaxError: invalid syntax

Compiling './lib/python3.5/site-packages/twisted/python/logfile.py'...
***   File "./lib/python3.5/site-packages/twisted/python/logfile.py", line 110
    raise ValueError, "no such logfile exists"
                    ^
SyntaxError: invalid syntax

Compiling './lib/python3.5/site-packages/twisted/python/modules.py'...
***   File "./lib/python3.5/site-packages/twisted/python/modules.py", line 132
    except WindowsError, e:
                       ^
SyntaxError: invalid syntax

Compiling './lib/python3.5/site-packages/twisted/python/otp.py'...
***   File "./lib/python3.5/site-packages/twisted/python/otp.py", line 27
    result = 0L
              ^
SyntaxError: invalid syntax

Compiling './lib/python3.5/site-packages/twisted/python/plugin.py'...
***   File "./lib/python3.5/site-packages/twisted/python/plugin.py", line 160
    except OSError, (err, s):
                  ^
SyntaxError: invalid syntax

Compiling './lib/python3.5/site-packages/twisted/python/rebuild.py'...
***   File "./lib/python3.5/site-packages/twisted/python/rebuild.py", line 119
    raise RuntimeError, "I am not allowed to be rebuilt."
                      ^
SyntaxError: invalid syntax

Compiling './lib/python3.5/site-packages/twisted/python/reflect.py'...
***   File "./lib/python3.5/site-packages/twisted/python/reflect.py", line 99
    raise AttributeError, "no such attribute %r" % name
                        ^
SyntaxError: invalid syntax

Compiling './lib/python3.5/site-packages/twisted/python/release.py'...
***   File "./lib/python3.5/site-packages/twisted/python/release.py", line 44
    print "--$", command
              ^
SyntaxError: Missing parentheses in call to 'print'

Compiling './lib/python3.5/site-packages/twisted/python/runtime.py'...
***   File "./lib/python3.5/site-packages/twisted/python/runtime.py", line 14
    major = (hv & 0xff000000L) >> 24
                            ^
SyntaxError: invalid syntax

Compiling './lib/python3.5/site-packages/twisted/python/shortcut.py'...
***   File "./lib/python3.5/site-packages/twisted/python/shortcut.py", line 75
    raise AttributeError, "%s instance has no attribute %s" % \
                        ^
SyntaxError: invalid syntax

Compiling './lib/python3.5/site-packages/twisted/python/timeoutqueue.py'...
***   File "./lib/python3.5/site-packages/twisted/python/timeoutqueue.py", line 36
    raise TimedOut, "timed out."
                  ^
SyntaxError: invalid syntax

Compiling './lib/python3.5/site-packages/twisted/python/usage.py'...
***   File "./lib/python3.5/site-packages/twisted/python/usage.py", line 141
    print self.__str__()
             ^
SyntaxError: invalid syntax

Compiling './lib/python3.5/site-packages/twisted/python/util.py'...
***   File "./lib/python3.5/site-packages/twisted/python/util.py", line 227
    raise ValueError, "%d elements is more than %d." % (len(seq), n)
                    ^
SyntaxError: invalid syntax

Compiling './lib/python3.5/site-packages/twisted/python/zipstream.py'...
***   File "./lib/python3.5/site-packages/twisted/python/zipstream.py", line 22
    raise RuntimeError, 'read() requires mode "r" or "a"'
                      ^
SyntaxError: invalid syntax

Listing './lib/python3.5/site-packages/twisted/python/zsh'...
Compiling './lib/python3.5/site-packages/twisted/python/zshcomp.py'...
***   File "./lib/python3.5/site-packages/twisted/python/zshcomp.py", line 158
    raise usage.UsageError, "Can't have --install and " \
                          ^
SyntaxError: invalid syntax

Listing './lib/python3.5/site-packages/twisted/runner'...
Compiling './lib/python3.5/site-packages/twisted/runner/inetdconf.py'...
***   File "./lib/python3.5/site-packages/twisted/runner/inetdconf.py", line 80
    raise InvalidInetdConfError, 'Invalid line: ' + repr(line)
                               ^
SyntaxError: invalid syntax

Listing './lib/python3.5/site-packages/twisted/runner/topfiles'...
Listing './lib/python3.5/site-packages/twisted/scripts'...
Compiling './lib/python3.5/site-packages/twisted/scripts/_twistd_unix.py'...
***   File "./lib/python3.5/site-packages/twisted/scripts/_twistd_unix.py", line 50
    print 'twistd (the Twisted daemon) %s' % copyright.version
                                         ^
SyntaxError: invalid syntax

Compiling './lib/python3.5/site-packages/twisted/scripts/_twistw.py'...
***   File "./lib/python3.5/site-packages/twisted/scripts/_twistw.py", line 19
    print 'twistd (the Twisted Windows runner) %s' % copyright.version
                                                 ^
SyntaxError: invalid syntax

Compiling './lib/python3.5/site-packages/twisted/scripts/htmlizer.py'...
***   File "./lib/python3.5/site-packages/twisted/scripts/htmlizer.py", line 45
    except usage.UsageError, e:
                           ^
SyntaxError: invalid syntax

Compiling './lib/python3.5/site-packages/twisted/scripts/manhole.py'...
***   File "./lib/python3.5/site-packages/twisted/scripts/manhole.py", line 91
    except usage.UsageError, e:
                           ^
SyntaxError: invalid syntax

Compiling './lib/python3.5/site-packages/twisted/scripts/mktap.py'...
***   File "./lib/python3.5/site-packages/twisted/scripts/mktap.py", line 133
    print 'Debug: ', info
                  ^
SyntaxError: Missing parentheses in call to 'print'

Compiling './lib/python3.5/site-packages/twisted/scripts/tap2deb.py'...
***   File "./lib/python3.5/site-packages/twisted/scripts/tap2deb.py", line 30
    raise usage.UsageError, "maintainer must be specified."
                          ^
SyntaxError: invalid syntax

Compiling './lib/python3.5/site-packages/twisted/scripts/tap2rpm.py'...
***   File "./lib/python3.5/site-packages/twisted/scripts/tap2rpm.py", line 176
    oldMask = os.umask(0077)
                          ^
SyntaxError: invalid token

Compiling './lib/python3.5/site-packages/twisted/scripts/tapconvert.py'...
***   File "./lib/python3.5/site-packages/twisted/scripts/tapconvert.py", line 48
    except usage.UsageError, e:
                           ^
SyntaxError: invalid syntax

Compiling './lib/python3.5/site-packages/twisted/scripts/tkunzip.py'...
***   File "./lib/python3.5/site-packages/twisted/scripts/tkunzip.py", line 208
    except usage.UsageError, e:
                           ^
SyntaxError: invalid syntax

Compiling './lib/python3.5/site-packages/twisted/scripts/trial.py'...
***   File "./lib/python3.5/site-packages/twisted/scripts/trial.py", line 143
    print "Setting coverage directory to %s." % (coverdir,)
                                            ^
SyntaxError: invalid syntax

Listing './lib/python3.5/site-packages/twisted/spread'...
Compiling './lib/python3.5/site-packages/twisted/spread/banana.py'...
***   File "./lib/python3.5/site-packages/twisted/spread/banana.py", line 39
    oneHundredAndTwentyEight = 128l
                                  ^
SyntaxError: invalid syntax

Compiling './lib/python3.5/site-packages/twisted/spread/jelly.py'...
***   File "./lib/python3.5/site-packages/twisted/spread/jelly.py", line 445
    raise NotImplementedError, "Currently can't jelly datetime objects with tzinfo"
                             ^
SyntaxError: invalid syntax

Compiling './lib/python3.5/site-packages/twisted/spread/pb.py'...
***   File "./lib/python3.5/site-packages/twisted/spread/pb.py", line 848
    except Error, e:
                ^
SyntaxError: invalid syntax

Listing './lib/python3.5/site-packages/twisted/spread/ui'...
Compiling './lib/python3.5/site-packages/twisted/spread/ui/gtkutil.py'...
***   File "./lib/python3.5/site-packages/twisted/spread/ui/gtkutil.py", line 141
    print 'doing login reset'
                            ^
SyntaxError: Missing parentheses in call to 'print'

Listing './lib/python3.5/site-packages/twisted/tap'...
Compiling './lib/python3.5/site-packages/twisted/tap/socks.py'...
***   File "./lib/python3.5/site-packages/twisted/tap/socks.py", line 27
    print "WARNING:"
                   ^
SyntaxError: Missing parentheses in call to 'print'

Listing './lib/python3.5/site-packages/twisted/test'...
Compiling './lib/python3.5/site-packages/twisted/test/app_qtstub.py'...
***   File "./lib/python3.5/site-packages/twisted/test/app_qtstub.py", line 42
    except reactors.NoSuchReactor, e:
                                 ^
SyntaxError: invalid syntax

Compiling './lib/python3.5/site-packages/twisted/test/iosim.py'...
***   File "./lib/python3.5/site-packages/twisted/test/iosim.py", line 224
    print '-- GLUG --'
                     ^
SyntaxError: Missing parentheses in call to 'print'

Compiling './lib/python3.5/site-packages/twisted/test/process_cmdline.py'...
***   File "./lib/python3.5/site-packages/twisted/test/process_cmdline.py", line 5
    print x
          ^
SyntaxError: Missing parentheses in call to 'print'

Compiling './lib/python3.5/site-packages/twisted/test/process_linger.py'...
***   File "./lib/python3.5/site-packages/twisted/test/process_linger.py", line 8
    print "here is some text"
                            ^
SyntaxError: Missing parentheses in call to 'print'

Compiling './lib/python3.5/site-packages/twisted/test/process_signal.py'...
***   File "./lib/python3.5/site-packages/twisted/test/process_signal.py", line 5
    print 'ok, signal us'
                        ^
SyntaxError: Missing parentheses in call to 'print'

Compiling './lib/python3.5/site-packages/twisted/test/process_twisted.py'...
***   File "./lib/python3.5/site-packages/twisted/test/process_twisted.py", line 27
    print "connection made"
                          ^
SyntaxError: Missing parentheses in call to 'print'

Compiling './lib/python3.5/site-packages/twisted/test/test_adbapi.py'...
***   File "./lib/python3.5/site-packages/twisted/test/test_adbapi.py", line 340
    raise unittest.SkipTest, '%s: Cannot access db' % self.TEST_PREFIX
                           ^
SyntaxError: invalid syntax

Compiling './lib/python3.5/site-packages/twisted/test/test_amp.py'...
***   File "./lib/python3.5/site-packages/twisted/test/test_amp.py", line 753
    def cbConnsLost(((serverSuccess, serverData),
                    ^
SyntaxError: invalid syntax

Compiling './lib/python3.5/site-packages/twisted/test/test_application.py'...
***   File "./lib/python3.5/site-packages/twisted/test/test_application.py", line 355
    raise unittest.SkipTest, "This reactor does not support UDP sockets"
                           ^
SyntaxError: invalid syntax

Compiling './lib/python3.5/site-packages/twisted/test/test_banana.py'...
***   File "./lib/python3.5/site-packages/twisted/test/test_banana.py", line 20
    funkylist = range(0,100) + range(1000,1100) + range(1000000,1000100) + [1024 **10l]
                                                                                     ^
SyntaxError: invalid syntax

Compiling './lib/python3.5/site-packages/twisted/test/test_defer.py'...
***   File "./lib/python3.5/site-packages/twisted/test/test_defer.py", line 346
    except TypeError, e:
                    ^
SyntaxError: invalid syntax

Compiling './lib/python3.5/site-packages/twisted/test/test_defgen.py'...
***   File "./lib/python3.5/site-packages/twisted/test/test_defgen.py", line 110
    except ZeroDivisionError, e:
                            ^
SyntaxError: invalid syntax

Compiling './lib/python3.5/site-packages/twisted/test/test_doc.py'...
***   File "./lib/python3.5/site-packages/twisted/test/test_doc.py", line 38
    except ImportError, e:
                      ^
SyntaxError: invalid syntax

Compiling './lib/python3.5/site-packages/twisted/test/test_epoll.py'...
***   File "./lib/python3.5/site-packages/twisted/test/test_epoll.py", line 49
    except socket.error, e:
                       ^
SyntaxError: invalid syntax

Compiling './lib/python3.5/site-packages/twisted/test/test_explorer.py'...
***   File "./lib/python3.5/site-packages/twisted/test/test_explorer.py", line 146
    def function_crazy((alpha, beta), c, d=range(4), **kw):
                       ^
SyntaxError: invalid syntax

Compiling './lib/python3.5/site-packages/twisted/test/test_ftp.py'...
***   File "./lib/python3.5/site-packages/twisted/test/test_ftp.py", line 321
    def downloadDone((ignored, downloader)):
                     ^
SyntaxError: invalid syntax

Compiling './lib/python3.5/site-packages/twisted/test/test_internet.py'...
***   File "./lib/python3.5/site-packages/twisted/test/test_internet.py", line 708
    def cbFinished((reason, output, error)):
                   ^
SyntaxError: invalid syntax

Compiling './lib/python3.5/site-packages/twisted/test/test_iutils.py'...
***   File "./lib/python3.5/site-packages/twisted/test/test_iutils.py", line 80
    def gotOutputAndValue((out, err, code)):
                          ^
SyntaxError: invalid syntax

Compiling './lib/python3.5/site-packages/twisted/test/test_logfile.py'...
***   File "./lib/python3.5/site-packages/twisted/test/test_logfile.py", line 122
    os.chmod(self.path, 0707)
                           ^
SyntaxError: invalid token

Compiling './lib/python3.5/site-packages/twisted/test/test_loopback.py'...
***   File "./lib/python3.5/site-packages/twisted/test/test_loopback.py", line 289
    def finished((client, server)):
                 ^
SyntaxError: invalid syntax

Compiling './lib/python3.5/site-packages/twisted/test/test_nmea.py'...
***   File "./lib/python3.5/site-packages/twisted/test/test_nmea.py", line 30
    except Exception, e:
                    ^
SyntaxError: invalid syntax

Compiling './lib/python3.5/site-packages/twisted/test/test_pb.py'...
***   File "./lib/python3.5/site-packages/twisted/test/test_pb.py", line 779
    raise RuntimeError, "I shouldn't have been called: %s" % args
                      ^
SyntaxError: invalid syntax

Compiling './lib/python3.5/site-packages/twisted/test/test_persisted.py'...
***   File "./lib/python3.5/site-packages/twisted/test/test_persisted.py", line 266
    1, 1.0, 100 ** 100l, unittest, marmalade.DOMJellier, d,
                      ^
SyntaxError: invalid syntax

Compiling './lib/python3.5/site-packages/twisted/test/test_plugin.py'...
***   File "./lib/python3.5/site-packages/twisted/test/test_plugin.py", line 63
    except OSError, ose:
                  ^
SyntaxError: invalid syntax

Compiling './lib/python3.5/site-packages/twisted/test/test_policies.py'...
***   File "./lib/python3.5/site-packages/twisted/test/test_policies.py", line 139
    self.assertEquals([c.connected for c in c1, c2, c3], [1, 1, 1])
                                              ^
SyntaxError: invalid syntax

Compiling './lib/python3.5/site-packages/twisted/test/test_process.py'...
***   File "./lib/python3.5/site-packages/twisted/test/test_process.py", line 66
    print 'err != 1234: ' + repr(self.err)
                        ^
SyntaxError: invalid syntax

Compiling './lib/python3.5/site-packages/twisted/test/test_rebuild.py'...
***   File "./lib/python3.5/site-packages/twisted/test/test_rebuild.py", line 138
    exec "class SlottedClass(object): __slots__ = 'a'," in self.m.__dict__
                                                      ^
SyntaxError: invalid syntax

Compiling './lib/python3.5/site-packages/twisted/test/test_sip.py'...
***   File "./lib/python3.5/site-packages/twisted/test/test_sip.py", line 696
    raise RuntimeError, "bad seconds to expire: %s" % reg.secondsToExpiry
                      ^
SyntaxError: invalid syntax

Compiling './lib/python3.5/site-packages/twisted/test/test_split_compat.py'...
***   File "./lib/python3.5/site-packages/twisted/test/test_split_compat.py", line 28
    except ImportError, e:
                      ^
SyntaxError: invalid syntax

Compiling './lib/python3.5/site-packages/twisted/test/test_sslverify.py'...
*** Sorry: TabError: inconsistent use of tabs and spaces in indentation (test_sslverify.py, line 231)
Compiling './lib/python3.5/site-packages/twisted/test/test_strports.py'...
***   File "./lib/python3.5/site-packages/twisted/test/test_strports.py", line 33
    {'mode':0666, 'backlog':50}))
               ^
SyntaxError: invalid token

Compiling './lib/python3.5/site-packages/twisted/test/test_tcp.py'...
***   File "./lib/python3.5/site-packages/twisted/test/test_tcp.py", line 683
    print "getPeer returned non-TCP socket:", peer
                                           ^
SyntaxError: Missing parentheses in call to 'print'

Compiling './lib/python3.5/site-packages/twisted/test/test_tcp_internals.py'...
***   File "./lib/python3.5/site-packages/twisted/test/test_tcp_internals.py", line 76
    except socket.error, e:
                       ^
SyntaxError: invalid syntax

Compiling './lib/python3.5/site-packages/twisted/test/test_threadable.py'...
***   File "./lib/python3.5/site-packages/twisted/test/test_threadable.py", line 68
    except AssertionError, e:
                         ^
SyntaxError: invalid syntax

Compiling './lib/python3.5/site-packages/twisted/test/test_threadpool.py'...
***   File "./lib/python3.5/site-packages/twisted/test/test_threadpool.py", line 165
    raise RuntimeError, "test failed"
                      ^
SyntaxError: invalid syntax

Compiling './lib/python3.5/site-packages/twisted/test/test_threads.py'...
***   File "./lib/python3.5/site-packages/twisted/test/test_threads.py", line 211
    def programFinished((out, err, reason)):
                        ^
SyntaxError: invalid syntax

Compiling './lib/python3.5/site-packages/twisted/test/test_timeoutqueue.py'...
***   File "./lib/python3.5/site-packages/twisted/test/test_timeoutqueue.py", line 35
    raise AssertionError, "didn't time out"
                        ^
SyntaxError: invalid syntax

Compiling './lib/python3.5/site-packages/twisted/test/test_unix.py'...
***   File "./lib/python3.5/site-packages/twisted/test/test_unix.py", line 128
    l = reactor.listenUNIX(filename, f, mode = 0600)
                                                  ^
SyntaxError: invalid token

Compiling './lib/python3.5/site-packages/twisted/test/test_usage.py'...
***   File "./lib/python3.5/site-packages/twisted/test/test_usage.py", line 209
    except Exception, e:
                    ^
SyntaxError: invalid syntax

Compiling './lib/python3.5/site-packages/twisted/test/test_util.py'...
***   File "./lib/python3.5/site-packages/twisted/test/test_util.py", line 34
    raise unittest.FailTest, "util.raises didn't raise when it should have"
                           ^
SyntaxError: invalid syntax

Compiling './lib/python3.5/site-packages/twisted/test/threading_latency.py'...
***   File "./lib/python3.5/site-packages/twisted/test/threading_latency.py", line 28
    print "callFromThread latency:"
                                  ^
SyntaxError: Missing parentheses in call to 'print'

Listing './lib/python3.5/site-packages/twisted/topfiles'...
Compiling './lib/python3.5/site-packages/twisted/topfiles/setup.py'...
***   File "./lib/python3.5/site-packages/twisted/topfiles/setup.py", line 31
    print "Compiler not found, skipping C extensions."
                                                     ^
SyntaxError: Missing parentheses in call to 'print'

Listing './lib/python3.5/site-packages/twisted/trial'...
Compiling './lib/python3.5/site-packages/twisted/trial/runner.py'...
***   File "./lib/python3.5/site-packages/twisted/trial/runner.py", line 677
    print "readline module not available"
                                        ^
SyntaxError: Missing parentheses in call to 'print'

Listing './lib/python3.5/site-packages/twisted/trial/test'...
Compiling './lib/python3.5/site-packages/twisted/trial/test/erroneous.py'...
***   File "./lib/python3.5/site-packages/twisted/trial/test/erroneous.py", line 12
    raise FoolishError, "I am a broken setUp method"
                      ^
SyntaxError: invalid syntax

Compiling './lib/python3.5/site-packages/twisted/trial/test/mockdoctest.py'...
***   File "./lib/python3.5/site-packages/twisted/trial/test/mockdoctest.py", line 41
    raise ValueError, "sorry, counter got too big"
                    ^
SyntaxError: invalid syntax

Compiling './lib/python3.5/site-packages/twisted/trial/test/test_assertions.py'...
***   File "./lib/python3.5/site-packages/twisted/trial/test/test_assertions.py", line 37
    except self.failureException, e:
                                ^
SyntaxError: invalid syntax

Compiling './lib/python3.5/site-packages/twisted/trial/test/test_output.py'...
***   File "./lib/python3.5/site-packages/twisted/trial/test/test_output.py", line 32
    print stuff
              ^
SyntaxError: Missing parentheses in call to 'print'

Compiling './lib/python3.5/site-packages/twisted/trial/test/test_reporter.py'...
***   File "./lib/python3.5/site-packages/twisted/trial/test/test_reporter.py", line 66
    except RuntimeError, excValue:
                       ^
SyntaxError: invalid syntax

Compiling './lib/python3.5/site-packages/twisted/trial/test/test_runner.py'...
***   File "./lib/python3.5/site-packages/twisted/trial/test/test_runner.py", line 373
    except RuntimeError, e:
                       ^
SyntaxError: invalid syntax

Compiling './lib/python3.5/site-packages/twisted/trial/test/test_tests.py'...
***   File "./lib/python3.5/site-packages/twisted/trial/test/test_tests.py", line 320
    raise RuntimeError, "expected failure"
                      ^
SyntaxError: invalid syntax

Compiling './lib/python3.5/site-packages/twisted/trial/unittest.py'...
***   File "./lib/python3.5/site-packages/twisted/trial/unittest.py", line 152
    except exception, inst:
                    ^
SyntaxError: invalid syntax

Compiling './lib/python3.5/site-packages/twisted/trial/util.py'...
***   File "./lib/python3.5/site-packages/twisted/trial/util.py", line 90
    print "WEIRNESS! pending timed call not active+!"
                                                    ^
SyntaxError: Missing parentheses in call to 'print'

Listing './lib/python3.5/site-packages/twisted/vfs'...
Listing './lib/python3.5/site-packages/twisted/vfs/adapters'...
Compiling './lib/python3.5/site-packages/twisted/vfs/adapters/sftp.py'...
***   File "./lib/python3.5/site-packages/twisted/vfs/adapters/sftp.py", line 34
    except ivfs.PermissionError, e:
                               ^
SyntaxError: invalid syntax

Listing './lib/python3.5/site-packages/twisted/vfs/backends'...
Compiling './lib/python3.5/site-packages/twisted/vfs/backends/inmem.py'...
***   File "./lib/python3.5/site-packages/twisted/vfs/backends/inmem.py", line 116
    print "this might break and if it does we should fix the caller"
                                                                   ^
SyntaxError: Missing parentheses in call to 'print'

Compiling './lib/python3.5/site-packages/twisted/vfs/backends/osfs.py'...
***   File "./lib/python3.5/site-packages/twisted/vfs/backends/osfs.py", line 83
    except OSError, e:
                  ^
SyntaxError: invalid syntax

Listing './lib/python3.5/site-packages/twisted/vfs/test'...
Compiling './lib/python3.5/site-packages/twisted/vfs/test/test_sftp.py'...
***   File "./lib/python3.5/site-packages/twisted/vfs/test/test_sftp.py", line 233
    except SFTPError, e:
                    ^
SyntaxError: invalid syntax

Listing './lib/python3.5/site-packages/twisted/web'...
Compiling './lib/python3.5/site-packages/twisted/web/client.py'...
***   File "./lib/python3.5/site-packages/twisted/web/client.py", line 334
    raise ValueError, "we shouldn't get partial content response if we didn't want it!"
                    ^
SyntaxError: invalid syntax

Compiling './lib/python3.5/site-packages/twisted/web/domhelpers.py'...
***   File "./lib/python3.5/site-packages/twisted/web/domhelpers.py", line 57
    raise NodeLookupError, nodeId
                         ^
SyntaxError: invalid syntax

Compiling './lib/python3.5/site-packages/twisted/web/guard.py'...
***   File "./lib/python3.5/site-packages/twisted/web/guard.py", line 189
    raise AttributeError, k
                        ^
SyntaxError: invalid syntax

Compiling './lib/python3.5/site-packages/twisted/web/http.py'...
***   File "./lib/python3.5/site-packages/twisted/web/http.py", line 317
    raise ValueError, "chunk must end with CRLF"
                    ^
SyntaxError: invalid syntax

Compiling './lib/python3.5/site-packages/twisted/web/script.py'...
***   File "./lib/python3.5/site-packages/twisted/web/script.py", line 71
    except AlreadyCached, ac:
                        ^
SyntaxError: invalid syntax

Compiling './lib/python3.5/site-packages/twisted/web/server.py'...
***   File "./lib/python3.5/site-packages/twisted/web/server.py", line 83
    raise TypeError, s
                   ^
SyntaxError: invalid syntax

Compiling './lib/python3.5/site-packages/twisted/web/static.py'...
***   File "./lib/python3.5/site-packages/twisted/web/static.py", line 318
    except IOError, e:
                  ^
SyntaxError: invalid syntax

Compiling './lib/python3.5/site-packages/twisted/web/sux.py'...
***   File "./lib/python3.5/site-packages/twisted/web/sux.py", line 599
    print 'begin', name, attributes
                ^
SyntaxError: Missing parentheses in call to 'print'

Listing './lib/python3.5/site-packages/twisted/web/test'...
Compiling './lib/python3.5/site-packages/twisted/web/test/test_http.py'...
***   File "./lib/python3.5/site-packages/twisted/web/test/test_http.py", line 104
    print `value[i-5:i+10]`, `self.expected_response[i-5:i+10]`
          ^
SyntaxError: Missing parentheses in call to 'print'

Compiling './lib/python3.5/site-packages/twisted/web/test/test_webclient.py'...
***   File "./lib/python3.5/site-packages/twisted/web/test/test_webclient.py", line 178
    raise IOError, "badness happened during write"
                 ^
SyntaxError: invalid syntax

Listing './lib/python3.5/site-packages/twisted/web/topfiles'...
Compiling './lib/python3.5/site-packages/twisted/web/widgets.py'...
***   File "./lib/python3.5/site-packages/twisted/web/widgets.py", line 564
    except FormInputError, fie:
                         ^
SyntaxError: invalid syntax

Listing './lib/python3.5/site-packages/twisted/web/woven'...
Compiling './lib/python3.5/site-packages/twisted/web/woven/controller.py'...
***   File "./lib/python3.5/site-packages/twisted/web/woven/controller.py", line 63
    print "The inputhandlers arg is deprecated, please use controllers instead"
                                                                              ^
SyntaxError: Missing parentheses in call to 'print'

Compiling './lib/python3.5/site-packages/twisted/web/woven/flashconduit.py'...
***   File "./lib/python3.5/site-packages/twisted/web/woven/flashconduit.py", line 11
    print "connection with flash movie opened"
                                             ^
SyntaxError: Missing parentheses in call to 'print'

Compiling './lib/python3.5/site-packages/twisted/web/woven/form.py'...
***   File "./lib/python3.5/site-packages/twisted/web/woven/form.py", line 457
    except formmethod.FormException, e:
                                   ^
SyntaxError: invalid syntax

Compiling './lib/python3.5/site-packages/twisted/web/woven/guard.py'...
***   File "./lib/python3.5/site-packages/twisted/web/woven/guard.py", line 373
    lambda (interface, avatarAspect, logout):
           ^
SyntaxError: invalid syntax

Compiling './lib/python3.5/site-packages/twisted/web/woven/template.py'...
***   File "./lib/python3.5/site-packages/twisted/web/woven/template.py", line 133
    except Exception, e:
                    ^
SyntaxError: invalid syntax

Compiling './lib/python3.5/site-packages/twisted/web/woven/utils.py'...
***   File "./lib/python3.5/site-packages/twisted/web/woven/utils.py", line 61
    print "CACHING", `self.cached`
                  ^
SyntaxError: Missing parentheses in call to 'print'

Compiling './lib/python3.5/site-packages/twisted/web/woven/view.py'...
***   File "./lib/python3.5/site-packages/twisted/web/woven/view.py", line 115
    print "DoneCallback", doneCallback
                       ^
SyntaxError: Missing parentheses in call to 'print'

Compiling './lib/python3.5/site-packages/twisted/web/woven/widgets.py'...
***   File "./lib/python3.5/site-packages/twisted/web/woven/widgets.py", line 389
    sm, name, self.templateNode, `self.submodel`)
                                 ^
SyntaxError: invalid syntax

Compiling './lib/python3.5/site-packages/twisted/web/xmlrpc.py'...
***   File "./lib/python3.5/site-packages/twisted/web/xmlrpc.py", line 114
    except Fault, f:
                ^
SyntaxError: invalid syntax

Listing './lib/python3.5/site-packages/twisted/web2'...
Listing './lib/python3.5/site-packages/twisted/web2/auth'...
Listing './lib/python3.5/site-packages/twisted/web2/channel'...
Compiling './lib/python3.5/site-packages/twisted/web2/channel/http.py'...
***   File "./lib/python3.5/site-packages/twisted/web2/channel/http.py", line 528
    raise RuntimeError, "noLongerQueued() got called unnecessarily."
                      ^
SyntaxError: invalid syntax

Listing './lib/python3.5/site-packages/twisted/web2/client'...
Compiling './lib/python3.5/site-packages/twisted/web2/client/http.py'...
***   File "./lib/python3.5/site-packages/twisted/web2/client/http.py", line 247
    print "Extra raw data!"
                          ^
SyntaxError: Missing parentheses in call to 'print'

Listing './lib/python3.5/site-packages/twisted/web2/dav'...
Listing './lib/python3.5/site-packages/twisted/web2/dav/element'...
Compiling './lib/python3.5/site-packages/twisted/web2/dav/element/parser.py'...
***   File "./lib/python3.5/site-packages/twisted/web2/dav/element/parser.py", line 146
    except ValueError, e:
                     ^
SyntaxError: invalid syntax

Listing './lib/python3.5/site-packages/twisted/web2/dav/method'...
Compiling './lib/python3.5/site-packages/twisted/web2/dav/method/mkcol.py'...
***   File "./lib/python3.5/site-packages/twisted/web2/dav/method/mkcol.py", line 75
    except ValueError, e:
                     ^
SyntaxError: invalid syntax

Compiling './lib/python3.5/site-packages/twisted/web2/dav/method/propfind.py'...
***   File "./lib/python3.5/site-packages/twisted/web2/dav/method/propfind.py", line 57
    except ValueError, e:
                     ^
SyntaxError: invalid syntax

Compiling './lib/python3.5/site-packages/twisted/web2/dav/method/proppatch.py'...
***   File "./lib/python3.5/site-packages/twisted/web2/dav/method/proppatch.py", line 56
    except ValueError, e:
                     ^
SyntaxError: invalid syntax

Compiling './lib/python3.5/site-packages/twisted/web2/dav/method/report.py'...
***   File "./lib/python3.5/site-packages/twisted/web2/dav/method/report.py", line 57
    except ValueError, e:
                     ^
SyntaxError: invalid syntax

Listing './lib/python3.5/site-packages/twisted/web2/dav/test'...
Listing './lib/python3.5/site-packages/twisted/web2/dav/test/data'...
Listing './lib/python3.5/site-packages/twisted/web2/dav/test/data/xml'...
Compiling './lib/python3.5/site-packages/twisted/web2/dav/test/test_http.py'...
***   File "./lib/python3.5/site-packages/twisted/web2/dav/test/test_http.py", line 80
    except Exception, e:
                    ^
SyntaxError: invalid syntax

Compiling './lib/python3.5/site-packages/twisted/web2/dav/test/util.py'...
***   File "./lib/python3.5/site-packages/twisted/web2/dav/test/util.py", line 43
    docroot = property(lambda(self): self.site.resource.fp.path)
                             ^
SyntaxError: invalid syntax

Compiling './lib/python3.5/site-packages/twisted/web2/fileupload.py'...
***   File "./lib/python3.5/site-packages/twisted/web2/fileupload.py", line 327
    raise MimeFormatError("bad query field: %s") % `name_value`
                                                   ^
SyntaxError: invalid syntax

Listing './lib/python3.5/site-packages/twisted/web2/filter'...
Compiling './lib/python3.5/site-packages/twisted/web2/filter/gzip.py'...
***   File "./lib/python3.5/site-packages/twisted/web2/filter/gzip.py", line 32
    yield struct.pack('<LL', crc & 0xFFFFFFFFL, size & 0xFFFFFFFFL)
                                             ^
SyntaxError: invalid syntax

Compiling './lib/python3.5/site-packages/twisted/web2/filter/range.py'...
***   File "./lib/python3.5/site-packages/twisted/web2/filter/range.py", line 12
    def canonicalizeRange((start, end), size):
                          ^
SyntaxError: invalid syntax

Compiling './lib/python3.5/site-packages/twisted/web2/http_headers.py'...
***   File "./lib/python3.5/site-packages/twisted/web2/http_headers.py", line 77
    except ValueError,v:
                     ^
SyntaxError: invalid syntax

Compiling './lib/python3.5/site-packages/twisted/web2/log.py'...
***   File "./lib/python3.5/site-packages/twisted/web2/log.py", line 107
    raise NotImplemented, 'You must provide an implementation.'
                        ^
SyntaxError: invalid syntax

Compiling './lib/python3.5/site-packages/twisted/web2/static.py'...
***   File "./lib/python3.5/site-packages/twisted/web2/static.py", line 402
    except IOError, e:
                  ^
SyntaxError: invalid syntax

Listing './lib/python3.5/site-packages/twisted/web2/test'...
Compiling './lib/python3.5/site-packages/twisted/web2/test/test_cgi.py'...
***   File "./lib/python3.5/site-packages/twisted/web2/test/test_cgi.py", line 178
    os.chmod(filename, 0700)
                          ^
SyntaxError: invalid token

Compiling './lib/python3.5/site-packages/twisted/web2/test/test_client.py'...
***   File "./lib/python3.5/site-packages/twisted/web2/test/test_client.py", line 309
    print r
          ^
SyntaxError: Missing parentheses in call to 'print'

Compiling './lib/python3.5/site-packages/twisted/web2/test/test_http.py'...
***   File "./lib/python3.5/site-packages/twisted/web2/test/test_http.py", line 30
    except http.HTTPError, e:
                         ^
SyntaxError: invalid syntax

Compiling './lib/python3.5/site-packages/twisted/web2/test/test_server.py'...
***   File "./lib/python3.5/site-packages/twisted/web2/test/test_server.py", line 305
    def _cbGotResponse(self, (code, headers, data, failed), expected_response, expectedfailure=False):
                             ^
SyntaxError: invalid syntax

Compiling './lib/python3.5/site-packages/twisted/web2/test/test_static.py'...
***   File "./lib/python3.5/site-packages/twisted/web2/test/test_static.py", line 80
    def _CbAssertInResponse(self, (code, headers, data, failed),
                                  ^
SyntaxError: invalid syntax

Listing './lib/python3.5/site-packages/twisted/web2/topfiles'...
Compiling './lib/python3.5/site-packages/twisted/web2/twcgi.py'...
***   File "./lib/python3.5/site-packages/twisted/web2/twcgi.py", line 99
    print "is not string:",k
                         ^
SyntaxError: Missing parentheses in call to 'print'

Compiling './lib/python3.5/site-packages/twisted/web2/wsgi.py'...
***   File "./lib/python3.5/site-packages/twisted/web2/wsgi.py", line 182
    raise exc_info[0], exc_info[1], exc_info[2]
                     ^
SyntaxError: invalid syntax

Listing './lib/python3.5/site-packages/twisted/words'...
Listing './lib/python3.5/site-packages/twisted/words/im'...
Compiling './lib/python3.5/site-packages/twisted/words/im/basechat.py'...
***   File "./lib/python3.5/site-packages/twisted/words/im/basechat.py", line 202
    print "signing onto", client.accountName
                       ^
SyntaxError: Missing parentheses in call to 'print'

Compiling './lib/python3.5/site-packages/twisted/words/im/gtkaccount.py'...
***   File "./lib/python3.5/site-packages/twisted/words/im/gtkaccount.py", line 26
    print self.xml._o
             ^
SyntaxError: Missing parentheses in call to 'print'

Compiling './lib/python3.5/site-packages/twisted/words/im/gtkchat.py'...
***   File "./lib/python3.5/site-packages/twisted/words/im/gtkchat.py", line 31
    print 'registering account client', self, account
                                     ^
SyntaxError: Missing parentheses in call to 'print'

Compiling './lib/python3.5/site-packages/twisted/words/im/gtkcommon.py'...
***   File "./lib/python3.5/site-packages/twisted/words/im/gtkcommon.py", line 95
    print "history up"
                     ^
SyntaxError: Missing parentheses in call to 'print'

Compiling './lib/python3.5/site-packages/twisted/words/im/ircsupport.py'...
***   File "./lib/python3.5/site-packages/twisted/words/im/ircsupport.py", line 51
    print 'action test!'
                       ^
SyntaxError: Missing parentheses in call to 'print'

Compiling './lib/python3.5/site-packages/twisted/words/im/jyaccount.py'...
***   File "./lib/python3.5/site-packages/twisted/words/im/jyaccount.py", line 139
    print "Added new account"
                            ^
SyntaxError: Missing parentheses in call to 'print'

Compiling './lib/python3.5/site-packages/twisted/words/im/jychat.py'...
***   File "./lib/python3.5/site-packages/twisted/words/im/jychat.py", line 120
    print "Trying to send IM to person, but no person selected"
                                                              ^
SyntaxError: Missing parentheses in call to 'print'

Compiling './lib/python3.5/site-packages/twisted/words/im/pbsupport.py'...
***   File "./lib/python3.5/site-packages/twisted/words/im/pbsupport.py", line 47
    print "result:",result,"text:",text
                  ^
SyntaxError: Missing parentheses in call to 'print'

Compiling './lib/python3.5/site-packages/twisted/words/im/tocsupport.py'...
***   File "./lib/python3.5/site-packages/twisted/words/im/tocsupport.py", line 141
    print 'Waiting for second NICK', data
                                  ^
SyntaxError: Missing parentheses in call to 'print'

Listing './lib/python3.5/site-packages/twisted/words/protocols'...
Compiling './lib/python3.5/site-packages/twisted/words/protocols/irc.py'...
***   File "./lib/python3.5/site-packages/twisted/words/protocols/irc.py", line 58
    CR = chr(015)
               ^
SyntaxError: invalid token

Listing './lib/python3.5/site-packages/twisted/words/protocols/jabber'...
Compiling './lib/python3.5/site-packages/twisted/words/protocols/jabber/jid.py'...
***   File "./lib/python3.5/site-packages/twisted/words/protocols/jabber/jid.py", line 56
    raise InvalidFormat, "Invalid character in username"
                       ^
SyntaxError: invalid syntax

Compiling './lib/python3.5/site-packages/twisted/words/protocols/jabber/xmlstream.py'...
***   File "./lib/python3.5/site-packages/twisted/words/protocols/jabber/xmlstream.py", line 534
    except IndexError, ValueError:
                     ^
SyntaxError: invalid syntax

Compiling './lib/python3.5/site-packages/twisted/words/protocols/jabber/xmpp_stringprep.py'...
***   File "./lib/python3.5/site-packages/twisted/words/protocols/jabber/xmpp_stringprep.py", line 125
    raise UnicodeError, "Invalid character %s" % repr(c)
                      ^
SyntaxError: invalid syntax

Compiling './lib/python3.5/site-packages/twisted/words/protocols/msn.py'...
***   File "./lib/python3.5/site-packages/twisted/words/protocols/msn.py", line 137
    raise MSNProtocolError, error
                          ^
SyntaxError: invalid syntax

Compiling './lib/python3.5/site-packages/twisted/words/protocols/oscar.py'...
***   File "./lib/python3.5/site-packages/twisted/words/protocols/oscar.py", line 237
    tlvData = reduce(lambda x,y: x+y, map(lambda (k,v):TLV(k,v), self.tlvs.items()), '\000\000')
                                                 ^
SyntaxError: invalid syntax

Compiling './lib/python3.5/site-packages/twisted/words/protocols/toc.py'...
***   File "./lib/python3.5/site-packages/twisted/words/protocols/toc.py", line 169
    self._ourseqnum=0L
                     ^
SyntaxError: invalid syntax

Listing './lib/python3.5/site-packages/twisted/words/scripts'...
Compiling './lib/python3.5/site-packages/twisted/words/service.py'...
***   File "./lib/python3.5/site-packages/twisted/words/service.py", line 366
    def _cbLogin(self, (iface, avatar, logout)):
                       ^
SyntaxError: invalid syntax

Listing './lib/python3.5/site-packages/twisted/words/test'...
Compiling './lib/python3.5/site-packages/twisted/words/test/test_domish.py'...
***   File "./lib/python3.5/site-packages/twisted/words/test/test_domish.py", line 169
    raise unittest.SkipTest, "Skipping ExpatElementStream test, since no expat wrapper is available."
                           ^
SyntaxError: invalid syntax

Compiling './lib/python3.5/site-packages/twisted/words/test/test_msn.py'...
***   File "./lib/python3.5/site-packages/twisted/words/test/test_msn.py", line 32
    print f
          ^
SyntaxError: Missing parentheses in call to 'print'

Listing './lib/python3.5/site-packages/twisted/words/topfiles'...
Listing './lib/python3.5/site-packages/twisted/words/xish'...
Compiling './lib/python3.5/site-packages/twisted/words/xish/domish.py'...
***   File "./lib/python3.5/site-packages/twisted/words/xish/domish.py", line 565
    except sux.ParseError, e:
                         ^
SyntaxError: invalid syntax

Compiling './lib/python3.5/site-packages/twisted/words/xish/xpathparser.py'...
***   File "./lib/python3.5/site-packages/twisted/words/xish/xpathparser.py", line 302
    except SyntaxError, e:
                      ^
SyntaxError: invalid syntax

Listing './lib/python3.5/site-packages/zc'...
Listing './lib/python3.5/site-packages/zc/lockfile'...
Listing './lib/python3.5/site-packages/zc.lockfile-1.2.1.egg-info'...
Listing './lib/python3.5/site-packages/zdaemon'...
Listing './lib/python3.5/site-packages/zdaemon/tests'...
Listing './lib/python3.5/site-packages/zdaemon-4.2.0.egg-info'...
Listing './lib/python3.5/site-packages/zodbpickle'...
Compiling './lib/python3.5/site-packages/zodbpickle/pickle_2.py'...
***   File "./lib/python3.5/site-packages/zodbpickle/pickle_2.py", line 882
    except _Stop, stopinst:
                ^
SyntaxError: invalid syntax

Compiling './lib/python3.5/site-packages/zodbpickle/pickletools_2.py'...
***   File "./lib/python3.5/site-packages/zodbpickle/pickletools_2.py", line 1803
    print "skipping %r: it doesn't look like an opcode name" % name
                                                           ^
SyntaxError: Missing parentheses in call to 'print'

Listing './lib/python3.5/site-packages/zodbpickle/tests'...
Compiling './lib/python3.5/site-packages/zodbpickle/tests/pickletester_2.py'...
***   File "./lib/python3.5/site-packages/zodbpickle/tests/pickletester_2.py", line 433
    x = [0, 1L, 2.0, 3.0+0j]
             ^
SyntaxError: invalid syntax

Listing './lib/python3.5/site-packages/zodbpickle-0.7.0.egg-info'...
Listing './lib/python3.5/site-packages/zope'...
Listing './lib/python3.5/site-packages/zope/annotation'...
Listing './lib/python3.5/site-packages/zope/annotation/tests'...
Listing './lib/python3.5/site-packages/zope/app'...
Listing './lib/python3.5/site-packages/zope/app/applicationcontrol'...
Listing './lib/python3.5/site-packages/zope/app/applicationcontrol/browser'...
Listing './lib/python3.5/site-packages/zope/app/applicationcontrol/browser/tests'...
Listing './lib/python3.5/site-packages/zope/app/applicationcontrol/tests'...
Listing './lib/python3.5/site-packages/zope/app/appsetup'...
Listing './lib/python3.5/site-packages/zope/app/appsetup/schema'...
Listing './lib/python3.5/site-packages/zope/app/appsetup/testdata'...
Listing './lib/python3.5/site-packages/zope/app/appsetup/testpackage'...
Listing './lib/python3.5/site-packages/zope/app/appsetup/testproduct'...
Listing './lib/python3.5/site-packages/zope/app/publication'...
Listing './lib/python3.5/site-packages/zope/app/publication/tests'...
Listing './lib/python3.5/site-packages/zope/app/server'...
Listing './lib/python3.5/site-packages/zope/app/server/tests'...
Listing './lib/python3.5/site-packages/zope/app/server/zopeskel'...
Listing './lib/python3.5/site-packages/zope/app/server/zopeskel/bin'...
Listing './lib/python3.5/site-packages/zope/app/server/zopeskel/etc'...
Listing './lib/python3.5/site-packages/zope/app/twisted'...
Listing './lib/python3.5/site-packages/zope/app/twisted/ftp'...
Compiling './lib/python3.5/site-packages/zope/app/twisted/ftp/ftp.py'...
***   File "./lib/python3.5/site-packages/zope/app/twisted/ftp/ftp.py", line 240
    ret |= 0001
              ^
SyntaxError: invalid token

Compiling './lib/python3.5/site-packages/zope/app/twisted/ftp/server.py'...
***   File "./lib/python3.5/site-packages/zope/app/twisted/ftp/server.py", line 81
    raise NotImplementedError, \
                             ^
SyntaxError: invalid syntax

Listing './lib/python3.5/site-packages/zope/app/twisted/ftp/tests'...
Compiling './lib/python3.5/site-packages/zope/app/twisted/ftp/tests/test_publisher.py'...
***   File "./lib/python3.5/site-packages/zope/app/twisted/ftp/tests/test_publisher.py", line 91
    raise self._exc[0], self._exc[1]
                      ^
SyntaxError: invalid syntax

Compiling './lib/python3.5/site-packages/zope/app/twisted/ftp/tests/test_zope_ftp.py'...
***   File "./lib/python3.5/site-packages/zope/app/twisted/ftp/tests/test_zope_ftp.py", line 376
    def downloadDone((ignored, downloader)):
                     ^
SyntaxError: invalid syntax

Listing './lib/python3.5/site-packages/zope/app/twisted/tests'...
Compiling './lib/python3.5/site-packages/zope/app/twisted/tests/test_inputbuffering.py'...
***   File "./lib/python3.5/site-packages/zope/app/twisted/tests/test_inputbuffering.py", line 253
    except socket.error, e:
                       ^
SyntaxError: invalid syntax

Compiling './lib/python3.5/site-packages/zope/app/twisted/tests/test_zeo.py'...
***   File "./lib/python3.5/site-packages/zope/app/twisted/tests/test_zeo.py", line 240
    except socket.error, e:
                       ^
SyntaxError: invalid syntax

Listing './lib/python3.5/site-packages/zope/app/wsgi'...
Listing './lib/python3.5/site-packages/zope/applicationcontrol'...
Listing './lib/python3.5/site-packages/zope/applicationcontrol/tests'...
Listing './lib/python3.5/site-packages/zope/authentication'...
Listing './lib/python3.5/site-packages/zope/authentication/tests'...
Listing './lib/python3.5/site-packages/zope/browser'...
Listing './lib/python3.5/site-packages/zope/component'...
Listing './lib/python3.5/site-packages/zope/component/testfiles'...
Listing './lib/python3.5/site-packages/zope/component/tests'...
Listing './lib/python3.5/site-packages/zope/configuration'...
Listing './lib/python3.5/site-packages/zope/configuration/tests'...
Listing './lib/python3.5/site-packages/zope/configuration/tests/excludedemo'...
Listing './lib/python3.5/site-packages/zope/configuration/tests/excludedemo/sub'...
Listing './lib/python3.5/site-packages/zope/configuration/tests/samplepackage'...
Listing './lib/python3.5/site-packages/zope/container'...
Listing './lib/python3.5/site-packages/zope/container/tests'...
Listing './lib/python3.5/site-packages/zope/contenttype'...
Listing './lib/python3.5/site-packages/zope/contenttype/tests'...
Listing './lib/python3.5/site-packages/zope/copy'...
Listing './lib/python3.5/site-packages/zope/copy/tests'...
Listing './lib/python3.5/site-packages/zope/copypastemove'...
Listing './lib/python3.5/site-packages/zope/copypastemove/tests'...
Listing './lib/python3.5/site-packages/zope/deprecation'...
Listing './lib/python3.5/site-packages/zope/dottedname'...
Listing './lib/python3.5/site-packages/zope/error'...
Listing './lib/python3.5/site-packages/zope/event'...
Listing './lib/python3.5/site-packages/zope/exceptions'...
Listing './lib/python3.5/site-packages/zope/exceptions/tests'...
Listing './lib/python3.5/site-packages/zope/filerepresentation'...
Listing './lib/python3.5/site-packages/zope/i18n'...
Listing './lib/python3.5/site-packages/zope/i18n/interfaces'...
Listing './lib/python3.5/site-packages/zope/i18n/locales'...
Listing './lib/python3.5/site-packages/zope/i18n/locales/data'...
Listing './lib/python3.5/site-packages/zope/i18n/locales/tests'...
Listing './lib/python3.5/site-packages/zope/i18n/tests'...
Listing './lib/python3.5/site-packages/zope/i18n/tests/locale'...
Listing './lib/python3.5/site-packages/zope/i18n/tests/locale/de'...
Listing './lib/python3.5/site-packages/zope/i18n/tests/locale/de/LC_MESSAGES'...
Listing './lib/python3.5/site-packages/zope/i18n/tests/locale/en'...
Listing './lib/python3.5/site-packages/zope/i18n/tests/locale/en/LC_MESSAGES'...
Listing './lib/python3.5/site-packages/zope/i18n/tests/locale2'...
Listing './lib/python3.5/site-packages/zope/i18n/tests/locale2/en'...
Listing './lib/python3.5/site-packages/zope/i18n/tests/locale2/en/LC_MESSAGES'...
Listing './lib/python3.5/site-packages/zope/i18n/tests/locale3'...
Listing './lib/python3.5/site-packages/zope/i18n/tests/locale3/en'...
Listing './lib/python3.5/site-packages/zope/i18n/tests/locale3/en/LC_MESSAGES'...
Listing './lib/python3.5/site-packages/zope/i18nmessageid'...
Listing './lib/python3.5/site-packages/zope/interface'...
Listing './lib/python3.5/site-packages/zope/interface/common'...
Listing './lib/python3.5/site-packages/zope/interface/common/tests'...
Listing './lib/python3.5/site-packages/zope/interface/tests'...
Listing './lib/python3.5/site-packages/zope/lifecycleevent'...
Listing './lib/python3.5/site-packages/zope/location'...
Listing './lib/python3.5/site-packages/zope/location/tests'...
Listing './lib/python3.5/site-packages/zope/minmax'...
Listing './lib/python3.5/site-packages/zope/password'...
Listing './lib/python3.5/site-packages/zope/password/tests'...
Listing './lib/python3.5/site-packages/zope/processlifetime'...
Listing './lib/python3.5/site-packages/zope/proxy'...
Listing './lib/python3.5/site-packages/zope/proxy/tests'...
Listing './lib/python3.5/site-packages/zope/publisher'...
Listing './lib/python3.5/site-packages/zope/publisher/interfaces'...
Listing './lib/python3.5/site-packages/zope/publisher/tests'...
Listing './lib/python3.5/site-packages/zope/schema'...
Listing './lib/python3.5/site-packages/zope/schema/tests'...
Listing './lib/python3.5/site-packages/zope/security'...
Listing './lib/python3.5/site-packages/zope/security/examples'...
Listing './lib/python3.5/site-packages/zope/security/tests'...
Listing './lib/python3.5/site-packages/zope/server'...
Listing './lib/python3.5/site-packages/zope/server/ftp'...
Listing './lib/python3.5/site-packages/zope/server/ftp/tests'...
Listing './lib/python3.5/site-packages/zope/server/http'...
Listing './lib/python3.5/site-packages/zope/server/http/tests'...
Listing './lib/python3.5/site-packages/zope/server/interfaces'...
Listing './lib/python3.5/site-packages/zope/server/linereceiver'...
Listing './lib/python3.5/site-packages/zope/server/linereceiver/tests'...
Listing './lib/python3.5/site-packages/zope/server/logger'...
Listing './lib/python3.5/site-packages/zope/server/logger/tests'...
Listing './lib/python3.5/site-packages/zope/server/tests'...
Listing './lib/python3.5/site-packages/zope/session'...
Listing './lib/python3.5/site-packages/zope/site'...
Listing './lib/python3.5/site-packages/zope/site/tests'...
Listing './lib/python3.5/site-packages/zope/size'...
Listing './lib/python3.5/site-packages/zope/testing'...
Listing './lib/python3.5/site-packages/zope/traversing'...
Listing './lib/python3.5/site-packages/zope/traversing/browser'...
Listing './lib/python3.5/site-packages/zope/traversing/tests'...
Listing './lib/python3.5/site-packages/zope.annotation-4.6.0.dist-info'...
Listing './lib/python3.5/site-packages/zope.app.applicationcontrol-4.0.0.dist-info'...
Listing './lib/python3.5/site-packages/zope.app.appsetup-4.0.0.egg-info'...
Listing './lib/python3.5/site-packages/zope.app.publication-4.2.1.egg-info'...
Listing './lib/python3.5/site-packages/zope.app.server-4.0.0.egg-info'...
Listing './lib/python3.5/site-packages/zope.app.twisted-3.5.0.egg-info'...
Listing './lib/python3.5/site-packages/zope.app.wsgi-4.1.0.dist-info'...
Listing './lib/python3.5/site-packages/zope.applicationcontrol-4.1.0.dist-info'...
Listing './lib/python3.5/site-packages/zope.authentication-4.3.egg-info'...
Listing './lib/python3.5/site-packages/zope.browser-2.2.0.dist-info'...
Listing './lib/python3.5/site-packages/zope.component-4.4.1.dist-info'...
Listing './lib/python3.5/site-packages/zope.configuration-4.1.0.dist-info'...
Listing './lib/python3.5/site-packages/zope.container-4.2.1.egg-info'...
Listing './lib/python3.5/site-packages/zope.contenttype-4.3.0.dist-info'...
Listing './lib/python3.5/site-packages/zope.copy-4.1.0.dist-info'...
Listing './lib/python3.5/site-packages/zope.copypastemove-4.1.0.dist-info'...
Listing './lib/python3.5/site-packages/zope.deprecation-4.3.0.dist-info'...
Listing './lib/python3.5/site-packages/zope.dottedname-4.2.dist-info'...
Listing './lib/python3.5/site-packages/zope.error-4.4.0.dist-info'...
Listing './lib/python3.5/site-packages/zope.event-4.3.0.dist-info'...
Listing './lib/python3.5/site-packages/zope.exceptions-4.2.0.dist-info'...
Listing './lib/python3.5/site-packages/zope.filerepresentation-4.2.0.dist-info'...
Listing './lib/python3.5/site-packages/zope.i18n-4.3.1.dist-info'...
Listing './lib/python3.5/site-packages/zope.i18nmessageid-4.1.0.dist-info'...
Listing './lib/python3.5/site-packages/zope.interface-4.4.3.dist-info'...
Listing './lib/python3.5/site-packages/zope.lifecycleevent-4.2.0.dist-info'...
Listing './lib/python3.5/site-packages/zope.location-4.1.0.dist-info'...
Listing './lib/python3.5/site-packages/zope.minmax-2.2.0.dist-info'...
Listing './lib/python3.5/site-packages/zope.password-4.3.1.dist-info'...
Listing './lib/python3.5/site-packages/zope.processlifetime-2.2.0.dist-info'...
Listing './lib/python3.5/site-packages/zope.proxy-4.3.0.egg-info'...
Listing './lib/python3.5/site-packages/zope.publisher-4.3.2.dist-info'...
Listing './lib/python3.5/site-packages/zope.schema-4.5.0.dist-info'...
Listing './lib/python3.5/site-packages/zope.security-4.2.2.egg-info'...
Listing './lib/python3.5/site-packages/zope.server-4.0.1.dist-info'...
Listing './lib/python3.5/site-packages/zope.session-4.2.0.dist-info'...
Listing './lib/python3.5/site-packages/zope.site-4.1.0.dist-info'...
Listing './lib/python3.5/site-packages/zope.size-4.2.0.dist-info'...
Listing './lib/python3.5/site-packages/zope.testing-4.6.2.dist-info'...
Listing './lib/python3.5/site-packages/zope.traversing-4.2.0.dist-info'...
Listing './share'...
Listing './share/python-wheels'...
